2021-07-14T09:12:29+00:00 NOTICE action_scheduler.queue_job :: MailChimp_WooCommerce_User_Submit queued :: obj_id 1
2021-07-14T09:12:30+00:00 NOTICE action_scheduler.queue_job :: MailChimp_WooCommerce_Single_Order starts in 90 seconds :: obj_id 256
2021-07-14T09:12:35+00:00 NOTICE debug :: Order ID 256 was pending and is now completed :: Array
(
    [new_order] => 1
    [tracking] => Array
        (
            [campaign_id] => 
            [landing_site] => http://intoplantz.com/wp-admin/admin-ajax.php
        )

)

2021-07-14T09:12:39+00:00 NOTICE member.sync :: Updated Member allenacaciosoftware@gmail.com ( merge fields only ) :: Array
(
    [merge_fields] => Array
        (
            [FNAME] => Allen
            [LNAME] => Acacio
        )

)

2021-07-14T09:15:30+00:00 NOTICE order.member.updated :: Updated allenacaciosoftware@gmail.com subscriber status to subscribed and language to en
2021-07-14T09:15:30+00:00 NOTICE order_submit.success :: addStoreOrder :: #256 :: email: allenacaciosoftware@gmail.com :: landing site http://intoplantz.com/wp-admin/admin-ajax.php
2021-07-14T09:36:29+00:00 NOTICE action_scheduler.queue_job :: MailChimp_WooCommerce_User_Submit queued :: obj_id 1
2021-07-14T09:36:29+00:00 NOTICE action_scheduler.queue_job :: MailChimp_WooCommerce_Single_Order starts in 90 seconds :: obj_id 257
2021-07-14T09:36:34+00:00 NOTICE debug :: Order ID 257 was pending and is now completed :: Array
(
    [new_order] => 1
    [tracking] => Array
        (
            [campaign_id] => 
            [landing_site] => http://intoplantz.com/wp-admin/admin.php?page=stats&noheader&proxy&chart=admin-bar-hours-scale
        )

)

2021-07-14T09:36:51+00:00 NOTICE member.sync :: Updated Member allenacaciosoftware@gmail.com ( merge fields only ) :: Array
(
    [merge_fields] => Array
        (
            [FNAME] => Allen
            [LNAME] => Acacio
        )

)

2021-07-14T09:38:20+00:00 NOTICE order.member.updated :: Updated allenacaciosoftware@gmail.com subscriber status to subscribed and language to en
2021-07-14T09:38:20+00:00 NOTICE order_submit.success :: addStoreOrder :: #257 :: email: allenacaciosoftware@gmail.com :: landing site http://intoplantz.com/wp-admin/admin.php?page=stats&noheader&proxy&chart=admin-bar-hours-scale
