2021-07-06T10:14:19+00:00 INFO Skip updating account settings. Nothing is changed.
2021-07-06T10:14:19+00:00 INFO Skip updating account settings. Nothing is changed.
2021-07-06T10:14:19+00:00 INFO Skip updating account settings. Nothing is changed.
2021-07-06T10:14:19+00:00 INFO Skip updating account settings. Nothing is changed.
2021-07-06T10:14:19+00:00 INFO Skip updating account settings. Nothing is changed.
2021-07-06T10:14:19+00:00 INFO Skip updating account settings. Nothing is changed.
2021-07-06T10:17:43+00:00 INFO REQUEST POST https://public-api.wordpress.com/wpcom/v2/sites/%s/wcpay/customers
2021-07-06T10:17:43+00:00 INFO BODY: array (
  'test_mode' => true,
  'name' => '(redacted)',
  'description' => 'Name: Allen Acacio, Username: chraca_w8gvjg',
  'email' => '(redacted)',
  'phone' => '(redacted)',
  'address' => 
  array (
    'line1' => '(redacted)',
    'line2' => '(redacted)',
    'postal_code' => '(redacted)',
    'city' => '(redacted)',
    'state' => '(redacted)',
    'country' => '(redacted)',
  ),
  'session_id' => '192976711_1',
)
2021-07-06T10:17:44+00:00 INFO RESPONSE: array (
  'id' => 'cus_JnmvejDlOTs1Vi',
  'object' => 'customer',
  'address' => 
  array (
    'city' => '(redacted)',
    'country' => '(redacted)',
    'line1' => '(redacted)',
    'line2' => '(redacted)',
    'postal_code' => '(redacted)',
    'state' => '(redacted)',
  ),
  'balance' => 0,
  'created' => 1625566663,
  'currency' => NULL,
  'default_source' => NULL,
  'delinquent' => false,
  'description' => 'Name: Allen Acacio, Username: chraca_w8gvjg',
  'discount' => NULL,
  'email' => '(redacted)',
  'invoice_prefix' => '29A0F007',
  'invoice_settings' => 
  array (
    'custom_fields' => NULL,
    'default_payment_method' => NULL,
    'footer' => NULL,
  ),
  'livemode' => false,
  'metadata' => 'stdClass()',
  'name' => '(redacted)',
  'next_invoice_sequence' => 1,
  'phone' => '(redacted)',
  'preferred_locales' => 
  array (
  ),
  'shipping' => NULL,
  'tax_exempt' => 'none',
)
2021-07-06T10:17:44+00:00 INFO REQUEST POST https://public-api.wordpress.com/wpcom/v2/sites/%s/wcpay/intentions
2021-07-06T10:17:44+00:00 INFO BODY: array (
  'test_mode' => true,
  'amount' => 1500.0,
  'currency' => 'usd',
  'confirm' => 'true',
  'payment_method' => 'pm_1JABLQ2H24DauksWTxpafIdM',
  'customer' => 'cus_JnmvejDlOTs1Vi',
  'capture_method' => 'automatic',
  'metadata' => 
  array (
    'customer_name' => '(redacted)',
    'customer_email' => '(redacted)',
    'site_url' => 'http://intoplantz.com',
    'order_id' => 247,
    'order_key' => 'wc_order_IVh4fs4i3tbA3',
    'payment_type' => 'WCPay\\Constants\\Payment_Type()',
  ),
  'level3' => 
  array (
  ),
)
2021-07-06T10:17:46+00:00 INFO RESPONSE: array (
  'id' => 'pi_1JABLY2H24DauksWQ6yC5qPX',
  'object' => 'payment_intent',
  'amount' => 1500,
  'amount_capturable' => 0,
  'amount_received' => 1500,
  'application' => 'ca_Ex84e31yMTLaNU5ozQvi5woLclpIDVpX',
  'application_fee_amount' => 65,
  'canceled_at' => NULL,
  'cancellation_reason' => NULL,
  'capture_method' => 'automatic',
  'charges' => 
  array (
    'object' => 'list',
    'data' => 
    array (
      0 => 
      array (
        'id' => 'ch_1JABLZ2H24DauksWShu9KEmi',
        'object' => 'charge',
        'amount' => 1500,
        'amount_captured' => 1500,
        'amount_refunded' => 0,
        'application' => 'ca_Ex84e31yMTLaNU5ozQvi5woLclpIDVpX',
        'application_fee' => 'fee_1JABLZ2H24DauksWTRQurC5d',
        'application_fee_amount' => 65,
        'balance_transaction' => 
        array (
          'id' => 'txn_1JABLZ2H24DauksW2qL4NP3i',
          'object' => 'balance_transaction',
          'amount' => 2126,
          'available_on' => 1626048000,
          'created' => 1625566665,
          'currency' => 'nzd',
          'description' => NULL,
          'exchange_rate' => 1.41727,
          'fee' => 92,
          'fee_details' => 
          array (
            0 => 
            array (
              'amount' => 92,
              'application' => 'ca_Ex84e31yMTLaNU5ozQvi5woLclpIDVpX',
              'currency' => 'nzd',
              'description' => 'WooCommerce Payments application fee',
              'type' => 'application_fee',
            ),
          ),
          'net' => 2034,
          'reporting_category' => 'charge',
          'source' => 'ch_1JABLZ2H24DauksWShu9KEmi',
          'status' => 'pending',
          'type' => 'charge',
        ),
        'billing_details' => 
        array (
          'address' => 
          array (
            'city' => '(redacted)',
            'country' => '(redacted)',
            'line1' => '(redacted)',
            'line2' => '(redacted)',
            'postal_code' => '(redacted)',
            'state' => '(redacted)',
          ),
          'email' => '(redacted)',
          'name' => '(redacted)',
          'phone' => '(redacted)',
        ),
        'calculated_statement_descriptor' => 'INTOPLANTZ.COM',
        'captured' => true,
        'created' => 1625566665,
        'currency' => 'usd',
        'customer' => 'cus_JnmvejDlOTs1Vi',
        'description' => NULL,
        'destination' => NULL,
        'dispute' => NULL,
        'disputed' => false,
        'failure_code' => NULL,
        'failure_message' => NULL,
        'fraud_details' => 
        array (
        ),
        'invoice' => NULL,
        'livemode' => false,
        'metadata' => 
        array (
          'customer_name' => '(redacted)',
          'customer_email' => '(redacted)',
          'site_url' => 'http://intoplantz.com',
          'order_id' => '247',
          'order_key' => 'wc_order_IVh4fs4i3tbA3',
          'payment_type' => 'single',
        ),
        'on_behalf_of' => NULL,
        'order' => NULL,
        'outcome' => 
        array (
          'network_status' => 'approved_by_network',
          'reason' => NULL,
          'risk_level' => 'normal',
          'risk_score' => 44,
          'seller_message' => 'Payment complete.',
          'type' => 'authorized',
        ),
        'paid' => true,
        'payment_intent' => 'pi_1JABLY2H24DauksWQ6yC5qPX',
        'payment_method' => 'pm_1JABLQ2H24DauksWTxpafIdM',
        'payment_method_details' => 
        array (
          'card' => 
          array (
            'brand' => 'visa',
            'checks' => 
            array (
              'address_line1_check' => 'pass',
              'address_postal_code_check' => 'pass',
              'cvc_check' => 'pass',
            ),
            'country' => '(redacted)',
            'exp_month' => 12,
            'exp_year' => 2023,
            'fingerprint' => '0SEufZLr8JkcLcfi',
            'funding' => 'credit',
            'installments' => NULL,
            'last4' => '4242',
            'network' => 'visa',
            'three_d_secure' => NULL,
            'wallet' => NULL,
          ),
          'type' => 'card',
        ),
        'receipt_email' => NULL,
        'receipt_number' => NULL,
        'receipt_url' => 'https://pay.stripe.com/receipts/acct_1JAB282H24DauksW/ch_1JABLZ2H24DauksWShu9KEmi/rcpt_Jnmvk00xCtWnlJzGnYClGCAr6v6C0yK',
        'refunded' => false,
        'refunds' => 
        array (
          'object' => 'list',
          'data' => 
          array (
          ),
          'has_more' => false,
          'total_count' => 0,
          'url' => '/v1/charges/ch_1JABLZ2H24DauksWShu9KEmi/refunds',
        ),
        'review' => NULL,
        'shipping' => NULL,
        'source' => NULL,
        'source_transfer' => NULL,
        'statement_descriptor' => NULL,
        'statement_descriptor_suffix' => NULL,
        'status' => 'succeeded',
        'transfer_data' => NULL,
        'transfer_group' => NULL,
      ),
    ),
    'has_more' => false,
    'total_count' => 1,
    'url' => '/v1/charges?payment_intent=pi_1JABLY2H24DauksWQ6yC5qPX',
  ),
  'client_secret' => '(redacted)',
  'confirmation_method' => 'automatic',
  'created' => 1625566664,
  'currency' => 'usd',
  'customer' => 'cus_JnmvejDlOTs1Vi',
  'description' => NULL,
  'invoice' => NULL,
  'last_payment_error' => NULL,
  'level3' => NULL,
  'livemode' => false,
  'metadata' => 
  array (
    'customer_name' => '(redacted)',
    'customer_email' => '(redacted)',
    'site_url' => 'http://intoplantz.com',
    'order_id' => '247',
    'order_key' => 'wc_order_IVh4fs4i3tbA3',
    'payment_type' => 'single',
  ),
  'next_action' => NULL,
  'on_behalf_of' => NULL,
  'payment_method' => 'pm_1JABLQ2H24DauksWTxpafIdM',
  'payment_method_options' => 
  array (
    'card' => 
    array (
      'installments' => NULL,
      'network' => NULL,
      'request_three_d_secure' => 'automatic',
    ),
  ),
  'payment_method_types' => 
  array (
    0 => 'card',
  ),
  'receipt_email' => NULL,
  'review' => NULL,
  'setup_future_usage' => NULL,
  'shipping' => NULL,
  'source' => NULL,
  'statement_descriptor' => NULL,
  'statement_descriptor_suffix' => NULL,
  'status' => 'succeeded',
  'transfer_data' => NULL,
  'transfer_group' => NULL,
)
2021-07-06T10:17:52+00:00 DEBUG Webhook recieved: payment_intent.succeeded
2021-07-06T10:17:52+00:00 DEBUG Webhook body: array (
  'id' => 'evt_1JABLa2H24DauksWWTa0yJRs',
  'type' => 'payment_intent.succeeded',
  'livemode' => false,
  'account' => 'acct_1JAB282H24DauksW',
  'data' => 
  array (
    'object' => 
    array (
      'id' => 'pi_1JABLY2H24DauksWQ6yC5qPX',
      'object' => 'payment_intent',
      'amount' => 1500,
      'amount_capturable' => 0,
      'amount_received' => 1500,
      'application' => 'ca_Ex84e31yMTLaNU5ozQvi5woLclpIDVpX',
      'application_fee_amount' => 65,
      'canceled_at' => NULL,
      'cancellation_reason' => NULL,
      'capture_method' => 'automatic',
      'charges' => 
      array (
        'object' => 'list',
        'data' => 
        array (
          0 => 
          array (
            'id' => 'ch_1JABLZ2H24DauksWShu9KEmi',
            'object' => 'charge',
            'amount' => 1500,
            'amount_captured' => 1500,
            'amount_refunded' => 0,
            'application' => 'ca_Ex84e31yMTLaNU5ozQvi5woLclpIDVpX',
            'application_fee' => 'fee_1JABLZ2H24DauksWTRQurC5d',
            'application_fee_amount' => 65,
            'balance_transaction' => 'txn_1JABLZ2H24DauksW2qL4NP3i',
            'billing_details' => 
            array (
              'address' => 
              array (
                'city' => '(redacted)',
                'country' => '(redacted)',
                'line1' => '(redacted)',
                'line2' => '(redacted)',
                'postal_code' => '(redacted)',
                'state' => '(redacted)',
              ),
              'email' => '(redacted)',
              'name' => '(redacted)',
              'phone' => '(redacted)',
            ),
            'calculated_statement_descriptor' => 'INTOPLANTZ.COM',
            'captured' => true,
            'created' => 1625566665,
            'currency' => 'usd',
            'customer' => 'cus_JnmvejDlOTs1Vi',
            'description' => NULL,
            'destination' => NULL,
            'dispute' => NULL,
            'disputed' => false,
            'failure_code' => NULL,
            'failure_message' => NULL,
            'fraud_details' => 
            array (
            ),
            'invoice' => NULL,
            'livemode' => false,
            'metadata' => 
            array (
              'customer_name' => '(redacted)',
              'customer_email' => '(redacted)',
              'site_url' => 'http://intoplantz.com',
              'order_id' => '247',
              'order_key' => 'wc_order_IVh4fs4i3tbA3',
              'payment_type' => 'single',
            ),
            'on_behalf_of' => NULL,
            'order' => NULL,
            'outcome' => 
            array (
              'network_status' => 'approved_by_network',
              'reason' => NULL,
              'risk_level' => 'normal',
              'risk_score' => 44,
              'seller_message' => 'Payment complete.',
              'type' => 'authorized',
            ),
            'paid' => true,
            'payment_intent' => 'pi_1JABLY2H24DauksWQ6yC5qPX',
            'payment_method' => 'pm_1JABLQ2H24DauksWTxpafIdM',
            'payment_method_details' => 
            array (
              'card' => 
              array (
                'brand' => 'visa',
                'checks' => 
                array (
                  'address_line1_check' => 'pass',
                  'address_postal_code_check' => 'pass',
                  'cvc_check' => 'pass',
                ),
                'country' => '(redacted)',
                'exp_month' => 12,
                'exp_year' => 2023,
                'fingerprint' => '0SEufZLr8JkcLcfi',
                'funding' => 'credit',
                'installments' => NULL,
                'last4' => '4242',
                'network' => 'visa',
                'three_d_secure' => NULL,
                'wallet' => NULL,
              ),
              'type' => 'card',
            ),
            'receipt_email' => NULL,
            'receipt_number' => NULL,
            'receipt_url' => 'https://pay.stripe.com/receipts/acct_1JAB282H24DauksW/ch_1JABLZ2H24DauksWShu9KEmi/rcpt_Jnmvk00xCtWnlJzGnYClGCAr6v6C0yK',
            'refunded' => false,
            'refunds' => 
            array (
              'object' => 'list',
              'data' => 
              array (
              ),
              'has_more' => false,
              'total_count' => 0,
              'url' => '/v1/charges/ch_1JABLZ2H24DauksWShu9KEmi/refunds',
            ),
            'review' => NULL,
            'shipping' => NULL,
            'source' => NULL,
            'source_transfer' => NULL,
            'statement_descriptor' => NULL,
            'statement_descriptor_suffix' => NULL,
            'status' => 'succeeded',
            'transfer_data' => NULL,
            'transfer_group' => NULL,
          ),
        ),
        'has_more' => false,
        'total_count' => 1,
        'url' => '/v1/charges?payment_intent=pi_1JABLY2H24DauksWQ6yC5qPX',
      ),
      'client_secret' => '(redacted)',
      'confirmation_method' => 'automatic',
      'created' => 1625566664,
      'currency' => 'usd',
      'customer' => 'cus_JnmvejDlOTs1Vi',
      'description' => NULL,
      'invoice' => NULL,
      'last_payment_error' => NULL,
      'livemode' => false,
      'metadata' => 
      array (
        'customer_name' => '(redacted)',
        'customer_email' => '(redacted)',
        'site_url' => 'http://intoplantz.com',
        'order_id' => '247',
        'order_key' => 'wc_order_IVh4fs4i3tbA3',
        'payment_type' => 'single',
      ),
      'next_action' => NULL,
      'on_behalf_of' => NULL,
      'payment_method' => 'pm_1JABLQ2H24DauksWTxpafIdM',
      'payment_method_options' => 
      array (
        'card' => 
        array (
          'installments' => NULL,
          'network' => NULL,
          'request_three_d_secure' => 'automatic',
        ),
      ),
      'payment_method_types' => 
      array (
        0 => 'card',
      ),
      'receipt_email' => NULL,
      'review' => NULL,
      'setup_future_usage' => NULL,
      'shipping' => NULL,
      'source' => NULL,
      'statement_descriptor' => NULL,
      'statement_descriptor_suffix' => NULL,
      'status' => 'succeeded',
      'transfer_data' => NULL,
      'transfer_group' => NULL,
      'level3' => NULL,
    ),
  ),
)
2021-07-06T10:18:10+00:00 INFO REQUEST POST https://public-api.wordpress.com/wpcom/v2/sites/%s/wcpay/tracking/order
2021-07-06T10:18:10+00:00 INFO BODY: array (
  'test_mode' => true,
  'order_data' => 
  array (
    'id' => 247,
    'parent_id' => 0,
    'status' => 'processing',
    'currency' => 'USD',
    'version' => '5.3.0',
    'prices_include_tax' => false,
    'date_created' => 'WC_DateTime()',
    'date_modified' => 'WC_DateTime()',
    'discount_total' => '0',
    'discount_tax' => '0',
    'shipping_total' => '0',
    'shipping_tax' => '0',
    'cart_tax' => '0',
    'total' => '15',
    'total_tax' => '0',
    'customer_id' => 1,
    'order_key' => 'wc_order_IVh4fs4i3tbA3',
    'billing' => 
    array (
      'first_name' => 'Allen',
      'last_name' => 'Acacio',
      'company' => '',
      'address_1' => '131 Clarkin Rd',
      'address_2' => '',
      'city' => '(redacted)',
      'state' => '(redacted)',
      'postcode' => '3214',
      'country' => '(redacted)',
      'email' => '(redacted)',
      'phone' => '(redacted)',
    ),
    'shipping' => 
    array (
      'first_name' => '',
      'last_name' => '',
      'company' => '',
      'address_1' => '',
      'address_2' => '',
      'city' => '(redacted)',
      'state' => '(redacted)',
      'postcode' => '',
      'country' => '(redacted)',
    ),
    'payment_method' => 'woocommerce_payments',
    'payment_method_title' => 'Credit card / debit card',
    'transaction_id' => 'pi_1JABLY2H24DauksWQ6yC5qPX',
    'customer_ip_address' => '203.211.74.134',
    'customer_user_agent' => 'Mozilla/5.0 (X11; Linux x86_64) AppleWebKit/537.36 (KHTML, like Gecko) Chrome/88.0.4324.96 Safari/537.36',
    'created_via' => 'checkout',
    'customer_note' => '',
    'date_completed' => NULL,
    'date_paid' => 'WC_DateTime()',
    'cart_hash' => '66d73a529d3c98a8399340d4f99f7c97',
    'number' => '247',
    'meta_data' => 
    array (
      0 => 'WC_Meta_Data()',
      1 => 'WC_Meta_Data()',
      2 => 'WC_Meta_Data()',
      3 => 'WC_Meta_Data()',
      4 => 'WC_Meta_Data()',
      5 => 'WC_Meta_Data()',
      6 => 'WC_Meta_Data()',
      7 => 'WC_Meta_Data()',
      8 => 'WC_Meta_Data()',
      9 => 'WC_Meta_Data()',
      10 => 'WC_Meta_Data()',
    ),
    'line_items' => 
    array (
      16 => 'WC_Order_Item_Product()',
    ),
    'tax_lines' => 
    array (
    ),
    'shipping_lines' => 
    array (
    ),
    'fee_lines' => 
    array (
    ),
    'coupon_lines' => 
    array (
    ),
    '_payment_method_id' => 'pm_1JABLQ2H24DauksWTxpafIdM',
    '_stripe_customer_id' => 'cus_JnmvejDlOTs1Vi',
  ),
  'update' => false,
)
2021-07-06T10:18:10+00:00 INFO RESPONSE: array (
  'result' => 'error',
)
2021-07-06T10:30:03+00:00 INFO Skip updating account settings. Nothing is changed.
2021-07-06T10:30:03+00:00 INFO Skip updating account settings. Nothing is changed.
2021-07-06T10:30:03+00:00 INFO Skip updating account settings. Nothing is changed.
2021-07-06T10:30:03+00:00 INFO Skip updating account settings. Nothing is changed.
2021-07-06T10:30:03+00:00 INFO Skip updating account settings. Nothing is changed.
2021-07-06T10:30:03+00:00 INFO Skip updating account settings. Nothing is changed.
2021-07-06T10:35:11+00:00 INFO REQUEST GET https://public-api.wordpress.com/wpcom/v2/sites/%s/wcpay/payment_methods?test_mode=1&customer=cus_JnmvejDlOTs1Vi&type=card&limit=100
2021-07-06T10:35:12+00:00 INFO RESPONSE: array (
  'object' => 'list',
  'data' => 
  array (
  ),
  'has_more' => false,
  'url' => '/v1/payment_methods',
)
2021-07-06T10:35:12+00:00 INFO REQUEST GET https://public-api.wordpress.com/wpcom/v2/sites/%s/wcpay/payment_methods?test_mode=1&customer=cus_JnmvejDlOTs1Vi&type=card&limit=100
2021-07-06T10:35:12+00:00 INFO RESPONSE: array (
  'object' => 'list',
  'data' => 
  array (
  ),
  'has_more' => false,
  'url' => '/v1/payment_methods',
)
2021-07-06T10:35:25+00:00 INFO REQUEST GET https://public-api.wordpress.com/wpcom/v2/sites/%s/wcpay/payment_methods?test_mode=1&customer=cus_JnmvejDlOTs1Vi&type=card&limit=100
2021-07-06T10:35:25+00:00 INFO RESPONSE: array (
  'object' => 'list',
  'data' => 
  array (
  ),
  'has_more' => false,
  'url' => '/v1/payment_methods',
)
2021-07-06T10:35:25+00:00 INFO REQUEST GET https://public-api.wordpress.com/wpcom/v2/sites/%s/wcpay/payment_methods?test_mode=1&customer=cus_JnmvejDlOTs1Vi&type=card&limit=100
2021-07-06T10:35:26+00:00 INFO RESPONSE: array (
  'object' => 'list',
  'data' => 
  array (
  ),
  'has_more' => false,
  'url' => '/v1/payment_methods',
)
2021-07-06T10:36:07+00:00 INFO REQUEST POST https://public-api.wordpress.com/wpcom/v2/sites/%s/wcpay/customers/cus_JnmvejDlOTs1Vi
2021-07-06T10:36:07+00:00 INFO BODY: array (
  'test_mode' => true,
  'name' => '(redacted)',
  'description' => 'Name: Allen Acacio, Username: chraca_w8gvjg',
  'email' => '(redacted)',
  'phone' => '(redacted)',
  'address' => 
  array (
    'line1' => '(redacted)',
    'line2' => '(redacted)',
    'postal_code' => '(redacted)',
    'city' => '(redacted)',
    'state' => '(redacted)',
    'country' => '(redacted)',
  ),
)
2021-07-06T10:36:07+00:00 INFO RESPONSE: array (
  'id' => 'cus_JnmvejDlOTs1Vi',
  'object' => 'customer',
  'address' => 
  array (
    'city' => '(redacted)',
    'country' => '(redacted)',
    'line1' => '(redacted)',
    'line2' => '(redacted)',
    'postal_code' => '(redacted)',
    'state' => '(redacted)',
  ),
  'balance' => 0,
  'created' => 1625566663,
  'currency' => NULL,
  'default_source' => NULL,
  'delinquent' => false,
  'description' => 'Name: Allen Acacio, Username: chraca_w8gvjg',
  'discount' => NULL,
  'email' => '(redacted)',
  'invoice_prefix' => '29A0F007',
  'invoice_settings' => 
  array (
    'custom_fields' => NULL,
    'default_payment_method' => NULL,
    'footer' => NULL,
  ),
  'livemode' => false,
  'metadata' => 'stdClass()',
  'name' => '(redacted)',
  'next_invoice_sequence' => 1,
  'phone' => '(redacted)',
  'preferred_locales' => 
  array (
  ),
  'shipping' => NULL,
  'tax_exempt' => 'none',
)
2021-07-06T10:36:07+00:00 INFO REQUEST POST https://public-api.wordpress.com/wpcom/v2/sites/%s/wcpay/intentions
2021-07-06T10:36:07+00:00 INFO BODY: array (
  'test_mode' => true,
  'amount' => 30000.0,
  'currency' => 'usd',
  'confirm' => 'true',
  'payment_method' => 'pm_1JABdF2H24DauksWtnAoTTh0',
  'customer' => 'cus_JnmvejDlOTs1Vi',
  'capture_method' => 'automatic',
  'metadata' => 
  array (
    'customer_name' => '(redacted)',
    'customer_email' => '(redacted)',
    'site_url' => 'http://intoplantz.com',
    'order_id' => 248,
    'order_key' => 'wc_order_wP52NKcjKI1bs',
    'payment_type' => 'WCPay\\Constants\\Payment_Type()',
  ),
  'level3' => 
  array (
  ),
  'setup_future_usage' => 'off_session',
)
2021-07-06T10:36:10+00:00 INFO RESPONSE: array (
  'id' => 'pi_1JABdM2H24DauksWnrY9Kb3f',
  'object' => 'payment_intent',
  'amount' => 30000,
  'amount_capturable' => 0,
  'amount_received' => 30000,
  'application' => 'ca_Ex84e31yMTLaNU5ozQvi5woLclpIDVpX',
  'application_fee_amount' => 891,
  'canceled_at' => NULL,
  'cancellation_reason' => NULL,
  'capture_method' => 'automatic',
  'charges' => 
  array (
    'object' => 'list',
    'data' => 
    array (
      0 => 
      array (
        'id' => 'ch_1JABdN2H24DauksWQOdkkUTK',
        'object' => 'charge',
        'amount' => 30000,
        'amount_captured' => 30000,
        'amount_refunded' => 0,
        'application' => 'ca_Ex84e31yMTLaNU5ozQvi5woLclpIDVpX',
        'application_fee' => 'fee_1JABdN2H24DauksW8sKjfRNr',
        'application_fee_amount' => 891,
        'balance_transaction' => 
        array (
          'id' => 'txn_1JABdN2H24DauksWpvhhWEIl',
          'object' => 'balance_transaction',
          'amount' => 42518,
          'available_on' => 1626048000,
          'created' => 1625567769,
          'currency' => 'nzd',
          'description' => NULL,
          'exchange_rate' => 1.41727,
          'fee' => 1263,
          'fee_details' => 
          array (
            0 => 
            array (
              'amount' => 1263,
              'application' => 'ca_Ex84e31yMTLaNU5ozQvi5woLclpIDVpX',
              'currency' => 'nzd',
              'description' => 'WooCommerce Payments application fee',
              'type' => 'application_fee',
            ),
          ),
          'net' => 41255,
          'reporting_category' => 'charge',
          'source' => 'ch_1JABdN2H24DauksWQOdkkUTK',
          'status' => 'pending',
          'type' => 'charge',
        ),
        'billing_details' => 
        array (
          'address' => 
          array (
            'city' => '(redacted)',
            'country' => '(redacted)',
            'line1' => '(redacted)',
            'line2' => '(redacted)',
            'postal_code' => '(redacted)',
            'state' => '(redacted)',
          ),
          'email' => '(redacted)',
          'name' => '(redacted)',
          'phone' => '(redacted)',
        ),
        'calculated_statement_descriptor' => 'INTOPLANTZ.COM',
        'captured' => true,
        'created' => 1625567769,
        'currency' => 'usd',
        'customer' => 'cus_JnmvejDlOTs1Vi',
        'description' => NULL,
        'destination' => NULL,
        'dispute' => NULL,
        'disputed' => false,
        'failure_code' => NULL,
        'failure_message' => NULL,
        'fraud_details' => 
        array (
        ),
        'invoice' => NULL,
        'livemode' => false,
        'metadata' => 
        array (
          'customer_name' => '(redacted)',
          'customer_email' => '(redacted)',
          'site_url' => 'http://intoplantz.com',
          'order_id' => '248',
          'order_key' => 'wc_order_wP52NKcjKI1bs',
          'payment_type' => 'single',
        ),
        'on_behalf_of' => NULL,
        'order' => NULL,
        'outcome' => 
        array (
          'network_status' => 'approved_by_network',
          'reason' => NULL,
          'risk_level' => 'normal',
          'risk_score' => 28,
          'seller_message' => 'Payment complete.',
          'type' => 'authorized',
        ),
        'paid' => true,
        'payment_intent' => 'pi_1JABdM2H24DauksWnrY9Kb3f',
        'payment_method' => 'pm_1JABdF2H24DauksWtnAoTTh0',
        'payment_method_details' => 
        array (
          'card' => 
          array (
            'brand' => 'visa',
            'checks' => 
            array (
              'address_line1_check' => 'pass',
              'address_postal_code_check' => 'pass',
              'cvc_check' => 'pass',
            ),
            'country' => '(redacted)',
            'exp_month' => 2,
            'exp_year' => 2023,
            'fingerprint' => '0SEufZLr8JkcLcfi',
            'funding' => 'credit',
            'installments' => NULL,
            'last4' => '4242',
            'network' => 'visa',
            'three_d_secure' => NULL,
            'wallet' => NULL,
          ),
          'type' => 'card',
        ),
        'receipt_email' => NULL,
        'receipt_number' => NULL,
        'receipt_url' => 'https://pay.stripe.com/receipts/acct_1JAB282H24DauksW/ch_1JABdN2H24DauksWQOdkkUTK/rcpt_JnnDijyWmOq2aPiIBs91vb0Ra32NGEA',
        'refunded' => false,
        'refunds' => 
        array (
          'object' => 'list',
          'data' => 
          array (
          ),
          'has_more' => false,
          'total_count' => 0,
          'url' => '/v1/charges/ch_1JABdN2H24DauksWQOdkkUTK/refunds',
        ),
        'review' => NULL,
        'shipping' => NULL,
        'source' => NULL,
        'source_transfer' => NULL,
        'statement_descriptor' => NULL,
        'statement_descriptor_suffix' => NULL,
        'status' => 'succeeded',
        'transfer_data' => NULL,
        'transfer_group' => NULL,
      ),
    ),
    'has_more' => false,
    'total_count' => 1,
    'url' => '/v1/charges?payment_intent=pi_1JABdM2H24DauksWnrY9Kb3f',
  ),
  'client_secret' => '(redacted)',
  'confirmation_method' => 'automatic',
  'created' => 1625567768,
  'currency' => 'usd',
  'customer' => 'cus_JnmvejDlOTs1Vi',
  'description' => NULL,
  'invoice' => NULL,
  'last_payment_error' => NULL,
  'level3' => NULL,
  'livemode' => false,
  'metadata' => 
  array (
    'customer_name' => '(redacted)',
    'customer_email' => '(redacted)',
    'site_url' => 'http://intoplantz.com',
    'order_id' => '248',
    'order_key' => 'wc_order_wP52NKcjKI1bs',
    'payment_type' => 'single',
  ),
  'next_action' => NULL,
  'on_behalf_of' => NULL,
  'payment_method' => 'pm_1JABdF2H24DauksWtnAoTTh0',
  'payment_method_options' => 
  array (
    'card' => 
    array (
      'installments' => NULL,
      'network' => NULL,
      'request_three_d_secure' => 'automatic',
    ),
  ),
  'payment_method_types' => 
  array (
    0 => 'card',
  ),
  'receipt_email' => NULL,
  'review' => NULL,
  'setup_future_usage' => 'off_session',
  'shipping' => NULL,
  'source' => NULL,
  'statement_descriptor' => NULL,
  'statement_descriptor_suffix' => NULL,
  'status' => 'succeeded',
  'transfer_data' => NULL,
  'transfer_group' => NULL,
)
2021-07-06T10:36:10+00:00 INFO REQUEST GET https://public-api.wordpress.com/wpcom/v2/sites/%s/wcpay/payment_methods/pm_1JABdF2H24DauksWtnAoTTh0?test_mode=1
2021-07-06T10:36:10+00:00 INFO RESPONSE: array (
  'id' => 'pm_1JABdF2H24DauksWtnAoTTh0',
  'object' => 'payment_method',
  'billing_details' => 
  array (
    'address' => 
    array (
      'city' => '(redacted)',
      'country' => '(redacted)',
      'line1' => '(redacted)',
      'line2' => '(redacted)',
      'postal_code' => '(redacted)',
      'state' => '(redacted)',
    ),
    'email' => '(redacted)',
    'name' => '(redacted)',
    'phone' => '(redacted)',
  ),
  'card' => 
  array (
    'brand' => 'visa',
    'checks' => 
    array (
      'address_line1_check' => 'pass',
      'address_postal_code_check' => 'pass',
      'cvc_check' => 'pass',
    ),
    'country' => '(redacted)',
    'exp_month' => 2,
    'exp_year' => 2023,
    'fingerprint' => '0SEufZLr8JkcLcfi',
    'funding' => 'credit',
    'generated_from' => NULL,
    'last4' => '4242',
    'networks' => 
    array (
      'available' => 
      array (
        0 => 'visa',
      ),
      'preferred' => NULL,
    ),
    'three_d_secure_usage' => 
    array (
      'supported' => true,
    ),
    'wallet' => NULL,
  ),
  'created' => 1625567762,
  'customer' => 'cus_JnmvejDlOTs1Vi',
  'livemode' => false,
  'metadata' => 'stdClass()',
  'type' => 'card',
)
2021-07-06T10:36:10+00:00 INFO REQUEST GET https://public-api.wordpress.com/wpcom/v2/sites/%s/wcpay/payment_methods?test_mode=1&customer=cus_JnmvejDlOTs1Vi&type=card&limit=100
2021-07-06T10:36:11+00:00 INFO RESPONSE: array (
  'object' => 'list',
  'data' => 
  array (
    0 => 
    array (
      'id' => 'pm_1JABdF2H24DauksWtnAoTTh0',
      'object' => 'payment_method',
      'billing_details' => 
      array (
        'address' => 
        array (
          'city' => '(redacted)',
          'country' => '(redacted)',
          'line1' => '(redacted)',
          'line2' => '(redacted)',
          'postal_code' => '(redacted)',
          'state' => '(redacted)',
        ),
        'email' => '(redacted)',
        'name' => '(redacted)',
        'phone' => '(redacted)',
      ),
      'card' => 
      array (
        'brand' => 'visa',
        'checks' => 
        array (
          'address_line1_check' => 'pass',
          'address_postal_code_check' => 'pass',
          'cvc_check' => 'pass',
        ),
        'country' => '(redacted)',
        'exp_month' => 2,
        'exp_year' => 2023,
        'fingerprint' => '0SEufZLr8JkcLcfi',
        'funding' => 'credit',
        'generated_from' => NULL,
        'last4' => '4242',
        'networks' => 
        array (
          'available' => 
          array (
            0 => 'visa',
          ),
          'preferred' => NULL,
        ),
        'three_d_secure_usage' => 
        array (
          'supported' => true,
        ),
        'wallet' => NULL,
      ),
      'created' => 1625567762,
      'customer' => 'cus_JnmvejDlOTs1Vi',
      'livemode' => false,
      'metadata' => 
      array (
      ),
      'type' => 'card',
    ),
  ),
  'has_more' => false,
  'url' => '/v1/payment_methods',
)
2021-07-06T10:36:11+00:00 INFO REQUEST POST https://public-api.wordpress.com/wpcom/v2/sites/%s/wcpay/customers/cus_JnmvejDlOTs1Vi
2021-07-06T10:36:11+00:00 INFO BODY: array (
  'test_mode' => true,
  'invoice_settings' => 
  array (
    'default_payment_method' => 'pm_1JABdF2H24DauksWtnAoTTh0',
  ),
)
2021-07-06T10:36:11+00:00 INFO RESPONSE: array (
  'id' => 'cus_JnmvejDlOTs1Vi',
  'object' => 'customer',
  'address' => 
  array (
    'city' => '(redacted)',
    'country' => '(redacted)',
    'line1' => '(redacted)',
    'line2' => '(redacted)',
    'postal_code' => '(redacted)',
    'state' => '(redacted)',
  ),
  'balance' => 0,
  'created' => 1625566663,
  'currency' => NULL,
  'default_source' => NULL,
  'delinquent' => false,
  'description' => 'Name: Allen Acacio, Username: chraca_w8gvjg',
  'discount' => NULL,
  'email' => '(redacted)',
  'invoice_prefix' => '29A0F007',
  'invoice_settings' => 
  array (
    'custom_fields' => NULL,
    'default_payment_method' => 'pm_1JABdF2H24DauksWtnAoTTh0',
    'footer' => NULL,
  ),
  'livemode' => false,
  'metadata' => 'stdClass()',
  'name' => '(redacted)',
  'next_invoice_sequence' => 1,
  'phone' => '(redacted)',
  'preferred_locales' => 
  array (
  ),
  'shipping' => NULL,
  'tax_exempt' => 'none',
)
2021-07-06T10:36:14+00:00 DEBUG Webhook recieved: payment_intent.succeeded
2021-07-06T10:36:14+00:00 DEBUG Webhook body: array (
  'id' => 'evt_1JABdO2H24DauksWC1WKdYil',
  'type' => 'payment_intent.succeeded',
  'livemode' => false,
  'account' => 'acct_1JAB282H24DauksW',
  'data' => 
  array (
    'object' => 
    array (
      'id' => 'pi_1JABdM2H24DauksWnrY9Kb3f',
      'object' => 'payment_intent',
      'amount' => 30000,
      'amount_capturable' => 0,
      'amount_received' => 30000,
      'application' => 'ca_Ex84e31yMTLaNU5ozQvi5woLclpIDVpX',
      'application_fee_amount' => 891,
      'canceled_at' => NULL,
      'cancellation_reason' => NULL,
      'capture_method' => 'automatic',
      'charges' => 
      array (
        'object' => 'list',
        'data' => 
        array (
          0 => 
          array (
            'id' => 'ch_1JABdN2H24DauksWQOdkkUTK',
            'object' => 'charge',
            'amount' => 30000,
            'amount_captured' => 30000,
            'amount_refunded' => 0,
            'application' => 'ca_Ex84e31yMTLaNU5ozQvi5woLclpIDVpX',
            'application_fee' => 'fee_1JABdN2H24DauksW8sKjfRNr',
            'application_fee_amount' => 891,
            'balance_transaction' => 'txn_1JABdN2H24DauksWpvhhWEIl',
            'billing_details' => 
            array (
              'address' => 
              array (
                'city' => '(redacted)',
                'country' => '(redacted)',
                'line1' => '(redacted)',
                'line2' => '(redacted)',
                'postal_code' => '(redacted)',
                'state' => '(redacted)',
              ),
              'email' => '(redacted)',
              'name' => '(redacted)',
              'phone' => '(redacted)',
            ),
            'calculated_statement_descriptor' => 'INTOPLANTZ.COM',
            'captured' => true,
            'created' => 1625567769,
            'currency' => 'usd',
            'customer' => 'cus_JnmvejDlOTs1Vi',
            'description' => NULL,
            'destination' => NULL,
            'dispute' => NULL,
            'disputed' => false,
            'failure_code' => NULL,
            'failure_message' => NULL,
            'fraud_details' => 
            array (
            ),
            'invoice' => NULL,
            'livemode' => false,
            'metadata' => 
            array (
              'customer_name' => '(redacted)',
              'customer_email' => '(redacted)',
              'site_url' => 'http://intoplantz.com',
              'order_id' => '248',
              'order_key' => 'wc_order_wP52NKcjKI1bs',
              'payment_type' => 'single',
            ),
            'on_behalf_of' => NULL,
            'order' => NULL,
            'outcome' => 
            array (
              'network_status' => 'approved_by_network',
              'reason' => NULL,
              'risk_level' => 'normal',
              'risk_score' => 28,
              'seller_message' => 'Payment complete.',
              'type' => 'authorized',
            ),
            'paid' => true,
            'payment_intent' => 'pi_1JABdM2H24DauksWnrY9Kb3f',
            'payment_method' => 'pm_1JABdF2H24DauksWtnAoTTh0',
            'payment_method_details' => 
            array (
              'card' => 
              array (
                'brand' => 'visa',
                'checks' => 
                array (
                  'address_line1_check' => 'pass',
                  'address_postal_code_check' => 'pass',
                  'cvc_check' => 'pass',
                ),
                'country' => '(redacted)',
                'exp_month' => 2,
                'exp_year' => 2023,
                'fingerprint' => '0SEufZLr8JkcLcfi',
                'funding' => 'credit',
                'installments' => NULL,
                'last4' => '4242',
                'network' => 'visa',
                'three_d_secure' => NULL,
                'wallet' => NULL,
              ),
              'type' => 'card',
            ),
            'receipt_email' => NULL,
            'receipt_number' => NULL,
            'receipt_url' => 'https://pay.stripe.com/receipts/acct_1JAB282H24DauksW/ch_1JABdN2H24DauksWQOdkkUTK/rcpt_JnnDijyWmOq2aPiIBs91vb0Ra32NGEA',
            'refunded' => false,
            'refunds' => 
            array (
              'object' => 'list',
              'data' => 
              array (
              ),
              'has_more' => false,
              'total_count' => 0,
              'url' => '/v1/charges/ch_1JABdN2H24DauksWQOdkkUTK/refunds',
            ),
            'review' => NULL,
            'shipping' => NULL,
            'source' => NULL,
            'source_transfer' => NULL,
            'statement_descriptor' => NULL,
            'statement_descriptor_suffix' => NULL,
            'status' => 'succeeded',
            'transfer_data' => NULL,
            'transfer_group' => NULL,
          ),
        ),
        'has_more' => false,
        'total_count' => 1,
        'url' => '/v1/charges?payment_intent=pi_1JABdM2H24DauksWnrY9Kb3f',
      ),
      'client_secret' => '(redacted)',
      'confirmation_method' => 'automatic',
      'created' => 1625567768,
      'currency' => 'usd',
      'customer' => 'cus_JnmvejDlOTs1Vi',
      'description' => NULL,
      'invoice' => NULL,
      'last_payment_error' => NULL,
      'livemode' => false,
      'metadata' => 
      array (
        'customer_name' => '(redacted)',
        'customer_email' => '(redacted)',
        'site_url' => 'http://intoplantz.com',
        'order_id' => '248',
        'order_key' => 'wc_order_wP52NKcjKI1bs',
        'payment_type' => 'single',
      ),
      'next_action' => NULL,
      'on_behalf_of' => NULL,
      'payment_method' => 'pm_1JABdF2H24DauksWtnAoTTh0',
      'payment_method_options' => 
      array (
        'card' => 
        array (
          'installments' => NULL,
          'network' => NULL,
          'request_three_d_secure' => 'automatic',
        ),
      ),
      'payment_method_types' => 
      array (
        0 => 'card',
      ),
      'receipt_email' => NULL,
      'review' => NULL,
      'setup_future_usage' => 'off_session',
      'shipping' => NULL,
      'source' => NULL,
      'statement_descriptor' => NULL,
      'statement_descriptor_suffix' => NULL,
      'status' => 'succeeded',
      'transfer_data' => NULL,
      'transfer_group' => NULL,
      'level3' => NULL,
    ),
  ),
)
2021-07-06T10:36:28+00:00 INFO REQUEST POST https://public-api.wordpress.com/wpcom/v2/sites/%s/wcpay/tracking/order
2021-07-06T10:36:28+00:00 INFO BODY: array (
  'test_mode' => true,
  'order_data' => 
  array (
    'id' => 248,
    'parent_id' => 0,
    'status' => 'completed',
    'currency' => 'USD',
    'version' => '5.3.0',
    'prices_include_tax' => false,
    'date_created' => 'WC_DateTime()',
    'date_modified' => 'WC_DateTime()',
    'discount_total' => '0',
    'discount_tax' => '0',
    'shipping_total' => '0',
    'shipping_tax' => '0',
    'cart_tax' => '0',
    'total' => '300',
    'total_tax' => '0',
    'customer_id' => 1,
    'order_key' => 'wc_order_wP52NKcjKI1bs',
    'billing' => 
    array (
      'first_name' => 'Allen',
      'last_name' => 'Acacio',
      'company' => '',
      'address_1' => '131 Clarkin Rd',
      'address_2' => '',
      'city' => '(redacted)',
      'state' => '(redacted)',
      'postcode' => '3214',
      'country' => '(redacted)',
      'email' => '(redacted)',
      'phone' => '(redacted)',
    ),
    'shipping' => 
    array (
      'first_name' => '',
      'last_name' => '',
      'company' => '',
      'address_1' => '',
      'address_2' => '',
      'city' => '(redacted)',
      'state' => '(redacted)',
      'postcode' => '',
      'country' => '(redacted)',
    ),
    'payment_method' => 'woocommerce_payments',
    'payment_method_title' => 'Credit card / debit card',
    'transaction_id' => 'pi_1JABdM2H24DauksWnrY9Kb3f',
    'customer_ip_address' => '203.211.74.134',
    'customer_user_agent' => 'Mozilla/5.0 (X11; Linux x86_64) AppleWebKit/537.36 (KHTML, like Gecko) Chrome/88.0.4324.96 Safari/537.36',
    'created_via' => 'checkout',
    'customer_note' => '',
    'date_completed' => 'WC_DateTime()',
    'date_paid' => 'WC_DateTime()',
    'cart_hash' => 'cceb67543ffc4b95c8412f47c47687a3',
    'number' => '248',
    'meta_data' => 
    array (
      0 => 'WC_Meta_Data()',
      1 => 'WC_Meta_Data()',
      2 => 'WC_Meta_Data()',
      3 => 'WC_Meta_Data()',
      4 => 'WC_Meta_Data()',
      5 => 'WC_Meta_Data()',
      6 => 'WC_Meta_Data()',
      7 => 'WC_Meta_Data()',
      8 => 'WC_Meta_Data()',
      9 => 'WC_Meta_Data()',
      10 => 'WC_Meta_Data()',
    ),
    'line_items' => 
    array (
      17 => 'WC_Order_Item_Product()',
    ),
    'tax_lines' => 
    array (
    ),
    'shipping_lines' => 
    array (
    ),
    'fee_lines' => 
    array (
    ),
    'coupon_lines' => 
    array (
    ),
    '_payment_method_id' => 'pm_1JABdF2H24DauksWtnAoTTh0',
    '_stripe_customer_id' => 'cus_JnmvejDlOTs1Vi',
  ),
  'update' => false,
)
2021-07-06T10:36:29+00:00 INFO RESPONSE: array (
  'result' => 'error',
)
2021-07-06T10:38:54+00:00 INFO REQUEST GET https://public-api.wordpress.com/wpcom/v2/sites/%s/wcpay/payment_methods?test_mode=1&customer=cus_JnmvejDlOTs1Vi&type=card&limit=100
2021-07-06T10:38:54+00:00 INFO RESPONSE: array (
  'object' => 'list',
  'data' => 
  array (
    0 => 
    array (
      'id' => 'pm_1JABdF2H24DauksWtnAoTTh0',
      'object' => 'payment_method',
      'billing_details' => 
      array (
        'address' => 
        array (
          'city' => '(redacted)',
          'country' => '(redacted)',
          'line1' => '(redacted)',
          'line2' => '(redacted)',
          'postal_code' => '(redacted)',
          'state' => '(redacted)',
        ),
        'email' => '(redacted)',
        'name' => '(redacted)',
        'phone' => '(redacted)',
      ),
      'card' => 
      array (
        'brand' => 'visa',
        'checks' => 
        array (
          'address_line1_check' => 'pass',
          'address_postal_code_check' => 'pass',
          'cvc_check' => 'pass',
        ),
        'country' => '(redacted)',
        'exp_month' => 2,
        'exp_year' => 2023,
        'fingerprint' => '0SEufZLr8JkcLcfi',
        'funding' => 'credit',
        'generated_from' => NULL,
        'last4' => '4242',
        'networks' => 
        array (
          'available' => 
          array (
            0 => 'visa',
          ),
          'preferred' => NULL,
        ),
        'three_d_secure_usage' => 
        array (
          'supported' => true,
        ),
        'wallet' => NULL,
      ),
      'created' => 1625567762,
      'customer' => 'cus_JnmvejDlOTs1Vi',
      'livemode' => false,
      'metadata' => 
      array (
      ),
      'type' => 'card',
    ),
  ),
  'has_more' => false,
  'url' => '/v1/payment_methods',
)
2021-07-06T10:39:17+00:00 INFO REQUEST POST https://public-api.wordpress.com/wpcom/v2/sites/%s/wcpay/customers/cus_JnmvejDlOTs1Vi
2021-07-06T10:39:17+00:00 INFO BODY: array (
  'test_mode' => true,
  'name' => '(redacted)',
  'description' => 'Name: Allen Acacio, Username: chraca_w8gvjg',
  'email' => '(redacted)',
  'phone' => '(redacted)',
  'address' => 
  array (
    'line1' => '(redacted)',
    'line2' => '(redacted)',
    'postal_code' => '(redacted)',
    'city' => '(redacted)',
    'state' => '(redacted)',
    'country' => '(redacted)',
  ),
)
2021-07-06T10:39:17+00:00 INFO RESPONSE: array (
  'id' => 'cus_JnmvejDlOTs1Vi',
  'object' => 'customer',
  'address' => 
  array (
    'city' => '(redacted)',
    'country' => '(redacted)',
    'line1' => '(redacted)',
    'line2' => '(redacted)',
    'postal_code' => '(redacted)',
    'state' => '(redacted)',
  ),
  'balance' => 0,
  'created' => 1625566663,
  'currency' => NULL,
  'default_source' => NULL,
  'delinquent' => false,
  'description' => 'Name: Allen Acacio, Username: chraca_w8gvjg',
  'discount' => NULL,
  'email' => '(redacted)',
  'invoice_prefix' => '29A0F007',
  'invoice_settings' => 
  array (
    'custom_fields' => NULL,
    'default_payment_method' => 'pm_1JABdF2H24DauksWtnAoTTh0',
    'footer' => NULL,
  ),
  'livemode' => false,
  'metadata' => 'stdClass()',
  'name' => '(redacted)',
  'next_invoice_sequence' => 1,
  'phone' => '(redacted)',
  'preferred_locales' => 
  array (
  ),
  'shipping' => NULL,
  'tax_exempt' => 'none',
)
2021-07-06T10:39:17+00:00 INFO REQUEST POST https://public-api.wordpress.com/wpcom/v2/sites/%s/wcpay/payment_methods/pm_1JABdF2H24DauksWtnAoTTh0
2021-07-06T10:39:17+00:00 INFO BODY: array (
  'test_mode' => true,
  'billing_details' => 
  array (
    'address' => 
    array (
      'city' => '(redacted)',
      'country' => '(redacted)',
      'line1' => '(redacted)',
      'postal_code' => '(redacted)',
      'state' => '(redacted)',
    ),
    'email' => '(redacted)',
    'name' => '(redacted)',
    'phone' => '(redacted)',
  ),
)
2021-07-06T10:39:18+00:00 INFO RESPONSE: array (
  'id' => 'pm_1JABdF2H24DauksWtnAoTTh0',
  'object' => 'payment_method',
  'billing_details' => 
  array (
    'address' => 
    array (
      'city' => '(redacted)',
      'country' => '(redacted)',
      'line1' => '(redacted)',
      'line2' => '(redacted)',
      'postal_code' => '(redacted)',
      'state' => '(redacted)',
    ),
    'email' => '(redacted)',
    'name' => '(redacted)',
    'phone' => '(redacted)',
  ),
  'card' => 
  array (
    'brand' => 'visa',
    'checks' => 
    array (
      'address_line1_check' => 'unchecked',
      'address_postal_code_check' => 'unchecked',
      'cvc_check' => 'unchecked',
    ),
    'country' => '(redacted)',
    'exp_month' => 2,
    'exp_year' => 2023,
    'fingerprint' => '0SEufZLr8JkcLcfi',
    'funding' => 'credit',
    'generated_from' => NULL,
    'last4' => '4242',
    'networks' => 
    array (
      'available' => 
      array (
        0 => 'visa',
      ),
      'preferred' => NULL,
    ),
    'three_d_secure_usage' => 
    array (
      'supported' => true,
    ),
    'wallet' => NULL,
  ),
  'created' => 1625567762,
  'customer' => 'cus_JnmvejDlOTs1Vi',
  'livemode' => false,
  'metadata' => 'stdClass()',
  'type' => 'card',
)
2021-07-06T10:39:18+00:00 INFO REQUEST POST https://public-api.wordpress.com/wpcom/v2/sites/%s/wcpay/intentions
2021-07-06T10:39:18+00:00 INFO BODY: array (
  'test_mode' => true,
  'amount' => 30000.0,
  'currency' => 'usd',
  'confirm' => 'true',
  'payment_method' => 'pm_1JABdF2H24DauksWtnAoTTh0',
  'customer' => 'cus_JnmvejDlOTs1Vi',
  'capture_method' => 'automatic',
  'metadata' => 
  array (
    'customer_name' => '(redacted)',
    'customer_email' => '(redacted)',
    'site_url' => 'http://intoplantz.com',
    'order_id' => 249,
    'order_key' => 'wc_order_mWYXlISJ74fNx',
    'payment_type' => 'WCPay\\Constants\\Payment_Type()',
  ),
  'level3' => 
  array (
  ),
)
2021-07-06T10:39:20+00:00 INFO RESPONSE: array (
  'id' => 'pi_1JABgQ2H24DauksW7h9fESNB',
  'object' => 'payment_intent',
  'amount' => 30000,
  'amount_capturable' => 0,
  'amount_received' => 30000,
  'application' => 'ca_Ex84e31yMTLaNU5ozQvi5woLclpIDVpX',
  'application_fee_amount' => 891,
  'canceled_at' => NULL,
  'cancellation_reason' => NULL,
  'capture_method' => 'automatic',
  'charges' => 
  array (
    'object' => 'list',
    'data' => 
    array (
      0 => 
      array (
        'id' => 'ch_1JABgR2H24DauksW3Jtigjea',
        'object' => 'charge',
        'amount' => 30000,
        'amount_captured' => 30000,
        'amount_refunded' => 0,
        'application' => 'ca_Ex84e31yMTLaNU5ozQvi5woLclpIDVpX',
        'application_fee' => 'fee_1JABgR2H24DauksW6TGk9PGw',
        'application_fee_amount' => 891,
        'balance_transaction' => 
        array (
          'id' => 'txn_1JABgR2H24DauksWrTpX1U4Q',
          'object' => 'balance_transaction',
          'amount' => 42518,
          'available_on' => 1626048000,
          'created' => 1625567959,
          'currency' => 'nzd',
          'description' => NULL,
          'exchange_rate' => 1.41727,
          'fee' => 1263,
          'fee_details' => 
          array (
            0 => 
            array (
              'amount' => 1263,
              'application' => 'ca_Ex84e31yMTLaNU5ozQvi5woLclpIDVpX',
              'currency' => 'nzd',
              'description' => 'WooCommerce Payments application fee',
              'type' => 'application_fee',
            ),
          ),
          'net' => 41255,
          'reporting_category' => 'charge',
          'source' => 'ch_1JABgR2H24DauksW3Jtigjea',
          'status' => 'pending',
          'type' => 'charge',
        ),
        'billing_details' => 
        array (
          'address' => 
          array (
            'city' => '(redacted)',
            'country' => '(redacted)',
            'line1' => '(redacted)',
            'line2' => '(redacted)',
            'postal_code' => '(redacted)',
            'state' => '(redacted)',
          ),
          'email' => '(redacted)',
          'name' => '(redacted)',
          'phone' => '(redacted)',
        ),
        'calculated_statement_descriptor' => 'INTOPLANTZ.COM',
        'captured' => true,
        'created' => 1625567959,
        'currency' => 'usd',
        'customer' => 'cus_JnmvejDlOTs1Vi',
        'description' => NULL,
        'destination' => NULL,
        'dispute' => NULL,
        'disputed' => false,
        'failure_code' => NULL,
        'failure_message' => NULL,
        'fraud_details' => 
        array (
        ),
        'invoice' => NULL,
        'livemode' => false,
        'metadata' => 
        array (
          'customer_name' => '(redacted)',
          'customer_email' => '(redacted)',
          'site_url' => 'http://intoplantz.com',
          'order_id' => '249',
          'order_key' => 'wc_order_mWYXlISJ74fNx',
          'payment_type' => 'single',
        ),
        'on_behalf_of' => NULL,
        'order' => NULL,
        'outcome' => 
        array (
          'network_status' => 'approved_by_network',
          'reason' => NULL,
          'risk_level' => 'normal',
          'risk_score' => 22,
          'seller_message' => 'Payment complete.',
          'type' => 'authorized',
        ),
        'paid' => true,
        'payment_intent' => 'pi_1JABgQ2H24DauksW7h9fESNB',
        'payment_method' => 'pm_1JABdF2H24DauksWtnAoTTh0',
        'payment_method_details' => 
        array (
          'card' => 
          array (
            'brand' => 'visa',
            'checks' => 
            array (
              'address_line1_check' => 'pass',
              'address_postal_code_check' => 'pass',
              'cvc_check' => 'pass',
            ),
            'country' => '(redacted)',
            'exp_month' => 2,
            'exp_year' => 2023,
            'fingerprint' => '0SEufZLr8JkcLcfi',
            'funding' => 'credit',
            'installments' => NULL,
            'last4' => '4242',
            'network' => 'visa',
            'three_d_secure' => NULL,
            'wallet' => NULL,
          ),
          'type' => 'card',
        ),
        'receipt_email' => NULL,
        'receipt_number' => NULL,
        'receipt_url' => 'https://pay.stripe.com/receipts/acct_1JAB282H24DauksW/ch_1JABgR2H24DauksW3Jtigjea/rcpt_JnnG6gwvCopShjImJia5wJNgFs19UQb',
        'refunded' => false,
        'refunds' => 
        array (
          'object' => 'list',
          'data' => 
          array (
          ),
          'has_more' => false,
          'total_count' => 0,
          'url' => '/v1/charges/ch_1JABgR2H24DauksW3Jtigjea/refunds',
        ),
        'review' => NULL,
        'shipping' => NULL,
        'source' => NULL,
        'source_transfer' => NULL,
        'statement_descriptor' => NULL,
        'statement_descriptor_suffix' => NULL,
        'status' => 'succeeded',
        'transfer_data' => NULL,
        'transfer_group' => NULL,
      ),
    ),
    'has_more' => false,
    'total_count' => 1,
    'url' => '/v1/charges?payment_intent=pi_1JABgQ2H24DauksW7h9fESNB',
  ),
  'client_secret' => '(redacted)',
  'confirmation_method' => 'automatic',
  'created' => 1625567958,
  'currency' => 'usd',
  'customer' => 'cus_JnmvejDlOTs1Vi',
  'description' => NULL,
  'invoice' => NULL,
  'last_payment_error' => NULL,
  'level3' => NULL,
  'livemode' => false,
  'metadata' => 
  array (
    'customer_name' => '(redacted)',
    'customer_email' => '(redacted)',
    'site_url' => 'http://intoplantz.com',
    'order_id' => '249',
    'order_key' => 'wc_order_mWYXlISJ74fNx',
    'payment_type' => 'single',
  ),
  'next_action' => NULL,
  'on_behalf_of' => NULL,
  'payment_method' => 'pm_1JABdF2H24DauksWtnAoTTh0',
  'payment_method_options' => 
  array (
    'card' => 
    array (
      'installments' => NULL,
      'network' => NULL,
      'request_three_d_secure' => 'automatic',
    ),
  ),
  'payment_method_types' => 
  array (
    0 => 'card',
  ),
  'receipt_email' => NULL,
  'review' => NULL,
  'setup_future_usage' => NULL,
  'shipping' => NULL,
  'source' => NULL,
  'statement_descriptor' => NULL,
  'statement_descriptor_suffix' => NULL,
  'status' => 'succeeded',
  'transfer_data' => NULL,
  'transfer_group' => NULL,
)
2021-07-06T10:39:24+00:00 DEBUG Webhook recieved: payment_intent.succeeded
2021-07-06T10:39:24+00:00 DEBUG Webhook body: array (
  'id' => 'evt_1JABgS2H24DauksW3vDjlI3g',
  'type' => 'payment_intent.succeeded',
  'livemode' => false,
  'account' => 'acct_1JAB282H24DauksW',
  'data' => 
  array (
    'object' => 
    array (
      'id' => 'pi_1JABgQ2H24DauksW7h9fESNB',
      'object' => 'payment_intent',
      'amount' => 30000,
      'amount_capturable' => 0,
      'amount_received' => 30000,
      'application' => 'ca_Ex84e31yMTLaNU5ozQvi5woLclpIDVpX',
      'application_fee_amount' => 891,
      'canceled_at' => NULL,
      'cancellation_reason' => NULL,
      'capture_method' => 'automatic',
      'charges' => 
      array (
        'object' => 'list',
        'data' => 
        array (
          0 => 
          array (
            'id' => 'ch_1JABgR2H24DauksW3Jtigjea',
            'object' => 'charge',
            'amount' => 30000,
            'amount_captured' => 30000,
            'amount_refunded' => 0,
            'application' => 'ca_Ex84e31yMTLaNU5ozQvi5woLclpIDVpX',
            'application_fee' => 'fee_1JABgR2H24DauksW6TGk9PGw',
            'application_fee_amount' => 891,
            'balance_transaction' => 'txn_1JABgR2H24DauksWrTpX1U4Q',
            'billing_details' => 
            array (
              'address' => 
              array (
                'city' => '(redacted)',
                'country' => '(redacted)',
                'line1' => '(redacted)',
                'line2' => '(redacted)',
                'postal_code' => '(redacted)',
                'state' => '(redacted)',
              ),
              'email' => '(redacted)',
              'name' => '(redacted)',
              'phone' => '(redacted)',
            ),
            'calculated_statement_descriptor' => 'INTOPLANTZ.COM',
            'captured' => true,
            'created' => 1625567959,
            'currency' => 'usd',
            'customer' => 'cus_JnmvejDlOTs1Vi',
            'description' => NULL,
            'destination' => NULL,
            'dispute' => NULL,
            'disputed' => false,
            'failure_code' => NULL,
            'failure_message' => NULL,
            'fraud_details' => 
            array (
            ),
            'invoice' => NULL,
            'livemode' => false,
            'metadata' => 
            array (
              'customer_name' => '(redacted)',
              'customer_email' => '(redacted)',
              'site_url' => 'http://intoplantz.com',
              'order_id' => '249',
              'order_key' => 'wc_order_mWYXlISJ74fNx',
              'payment_type' => 'single',
            ),
            'on_behalf_of' => NULL,
            'order' => NULL,
            'outcome' => 
            array (
              'network_status' => 'approved_by_network',
              'reason' => NULL,
              'risk_level' => 'normal',
              'risk_score' => 22,
              'seller_message' => 'Payment complete.',
              'type' => 'authorized',
            ),
            'paid' => true,
            'payment_intent' => 'pi_1JABgQ2H24DauksW7h9fESNB',
            'payment_method' => 'pm_1JABdF2H24DauksWtnAoTTh0',
            'payment_method_details' => 
            array (
              'card' => 
              array (
                'brand' => 'visa',
                'checks' => 
                array (
                  'address_line1_check' => 'pass',
                  'address_postal_code_check' => 'pass',
                  'cvc_check' => 'pass',
                ),
                'country' => '(redacted)',
                'exp_month' => 2,
                'exp_year' => 2023,
                'fingerprint' => '0SEufZLr8JkcLcfi',
                'funding' => 'credit',
                'installments' => NULL,
                'last4' => '4242',
                'network' => 'visa',
                'three_d_secure' => NULL,
                'wallet' => NULL,
              ),
              'type' => 'card',
            ),
            'receipt_email' => NULL,
            'receipt_number' => NULL,
            'receipt_url' => 'https://pay.stripe.com/receipts/acct_1JAB282H24DauksW/ch_1JABgR2H24DauksW3Jtigjea/rcpt_JnnG6gwvCopShjImJia5wJNgFs19UQb',
            'refunded' => false,
            'refunds' => 
            array (
              'object' => 'list',
              'data' => 
              array (
              ),
              'has_more' => false,
              'total_count' => 0,
              'url' => '/v1/charges/ch_1JABgR2H24DauksW3Jtigjea/refunds',
            ),
            'review' => NULL,
            'shipping' => NULL,
            'source' => NULL,
            'source_transfer' => NULL,
            'statement_descriptor' => NULL,
            'statement_descriptor_suffix' => NULL,
            'status' => 'succeeded',
            'transfer_data' => NULL,
            'transfer_group' => NULL,
          ),
        ),
        'has_more' => false,
        'total_count' => 1,
        'url' => '/v1/charges?payment_intent=pi_1JABgQ2H24DauksW7h9fESNB',
      ),
      'client_secret' => '(redacted)',
      'confirmation_method' => 'automatic',
      'created' => 1625567958,
      'currency' => 'usd',
      'customer' => 'cus_JnmvejDlOTs1Vi',
      'description' => NULL,
      'invoice' => NULL,
      'last_payment_error' => NULL,
      'livemode' => false,
      'metadata' => 
      array (
        'customer_name' => '(redacted)',
        'customer_email' => '(redacted)',
        'site_url' => 'http://intoplantz.com',
        'order_id' => '249',
        'order_key' => 'wc_order_mWYXlISJ74fNx',
        'payment_type' => 'single',
      ),
      'next_action' => NULL,
      'on_behalf_of' => NULL,
      'payment_method' => 'pm_1JABdF2H24DauksWtnAoTTh0',
      'payment_method_options' => 
      array (
        'card' => 
        array (
          'installments' => NULL,
          'network' => NULL,
          'request_three_d_secure' => 'automatic',
        ),
      ),
      'payment_method_types' => 
      array (
        0 => 'card',
      ),
      'receipt_email' => NULL,
      'review' => NULL,
      'setup_future_usage' => NULL,
      'shipping' => NULL,
      'source' => NULL,
      'statement_descriptor' => NULL,
      'statement_descriptor_suffix' => NULL,
      'status' => 'succeeded',
      'transfer_data' => NULL,
      'transfer_group' => NULL,
      'level3' => NULL,
    ),
  ),
)
2021-07-06T10:39:40+00:00 INFO REQUEST POST https://public-api.wordpress.com/wpcom/v2/sites/%s/wcpay/tracking/order
2021-07-06T10:39:40+00:00 INFO BODY: array (
  'test_mode' => true,
  'order_data' => 
  array (
    'id' => 249,
    'parent_id' => 0,
    'status' => 'completed',
    'currency' => 'USD',
    'version' => '5.3.0',
    'prices_include_tax' => false,
    'date_created' => 'WC_DateTime()',
    'date_modified' => 'WC_DateTime()',
    'discount_total' => '0',
    'discount_tax' => '0',
    'shipping_total' => '0',
    'shipping_tax' => '0',
    'cart_tax' => '0',
    'total' => '300',
    'total_tax' => '0',
    'customer_id' => 1,
    'order_key' => 'wc_order_mWYXlISJ74fNx',
    'billing' => 
    array (
      'first_name' => 'Allen',
      'last_name' => 'Acacio',
      'company' => '',
      'address_1' => '131 Clarkin Rd',
      'address_2' => '',
      'city' => '(redacted)',
      'state' => '(redacted)',
      'postcode' => '3214',
      'country' => '(redacted)',
      'email' => '(redacted)',
      'phone' => '(redacted)',
    ),
    'shipping' => 
    array (
      'first_name' => '',
      'last_name' => '',
      'company' => '',
      'address_1' => '',
      'address_2' => '',
      'city' => '(redacted)',
      'state' => '(redacted)',
      'postcode' => '',
      'country' => '(redacted)',
    ),
    'payment_method' => 'woocommerce_payments',
    'payment_method_title' => 'Credit card / debit card',
    'transaction_id' => 'pi_1JABgQ2H24DauksW7h9fESNB',
    'customer_ip_address' => '203.211.74.134',
    'customer_user_agent' => 'Mozilla/5.0 (X11; Linux x86_64) AppleWebKit/537.36 (KHTML, like Gecko) Chrome/88.0.4324.96 Safari/537.36',
    'created_via' => 'checkout',
    'customer_note' => '',
    'date_completed' => 'WC_DateTime()',
    'date_paid' => 'WC_DateTime()',
    'cart_hash' => 'cceb67543ffc4b95c8412f47c47687a3',
    'number' => '249',
    'meta_data' => 
    array (
      0 => 'WC_Meta_Data()',
      1 => 'WC_Meta_Data()',
      2 => 'WC_Meta_Data()',
      3 => 'WC_Meta_Data()',
      4 => 'WC_Meta_Data()',
      5 => 'WC_Meta_Data()',
      6 => 'WC_Meta_Data()',
      7 => 'WC_Meta_Data()',
      8 => 'WC_Meta_Data()',
      9 => 'WC_Meta_Data()',
      10 => 'WC_Meta_Data()',
    ),
    'line_items' => 
    array (
      18 => 'WC_Order_Item_Product()',
    ),
    'tax_lines' => 
    array (
    ),
    'shipping_lines' => 
    array (
    ),
    'fee_lines' => 
    array (
    ),
    'coupon_lines' => 
    array (
    ),
    '_payment_method_id' => 'pm_1JABdF2H24DauksWtnAoTTh0',
    '_stripe_customer_id' => 'cus_JnmvejDlOTs1Vi',
  ),
  'update' => false,
)
2021-07-06T10:39:41+00:00 INFO RESPONSE: array (
  'result' => 'error',
)
2021-07-06T10:44:49+00:00 INFO REQUEST POST https://public-api.wordpress.com/wpcom/v2/sites/%s/wcpay/customers/cus_JnmvejDlOTs1Vi
2021-07-06T10:44:49+00:00 INFO BODY: array (
  'test_mode' => true,
  'name' => '(redacted)',
  'description' => 'Name: Allen Acacio, Username: chraca_w8gvjg',
  'email' => '(redacted)',
  'phone' => '(redacted)',
  'address' => 
  array (
    'line1' => '(redacted)',
    'line2' => '(redacted)',
    'postal_code' => '(redacted)',
    'city' => '(redacted)',
    'state' => '(redacted)',
    'country' => '(redacted)',
  ),
)
2021-07-06T10:44:50+00:00 INFO RESPONSE: array (
  'id' => 'cus_JnmvejDlOTs1Vi',
  'object' => 'customer',
  'address' => 
  array (
    'city' => '(redacted)',
    'country' => '(redacted)',
    'line1' => '(redacted)',
    'line2' => '(redacted)',
    'postal_code' => '(redacted)',
    'state' => '(redacted)',
  ),
  'balance' => 0,
  'created' => 1625566663,
  'currency' => NULL,
  'default_source' => NULL,
  'delinquent' => false,
  'description' => 'Name: Allen Acacio, Username: chraca_w8gvjg',
  'discount' => NULL,
  'email' => '(redacted)',
  'invoice_prefix' => '29A0F007',
  'invoice_settings' => 
  array (
    'custom_fields' => NULL,
    'default_payment_method' => 'pm_1JABdF2H24DauksWtnAoTTh0',
    'footer' => NULL,
  ),
  'livemode' => false,
  'metadata' => 'stdClass()',
  'name' => '(redacted)',
  'next_invoice_sequence' => 1,
  'phone' => '(redacted)',
  'preferred_locales' => 
  array (
  ),
  'shipping' => NULL,
  'tax_exempt' => 'none',
)
2021-07-06T10:44:50+00:00 INFO REQUEST POST https://public-api.wordpress.com/wpcom/v2/sites/%s/wcpay/intentions
2021-07-06T10:44:50+00:00 INFO BODY: array (
  'test_mode' => true,
  'amount' => 50000.0,
  'currency' => 'usd',
  'confirm' => 'true',
  'payment_method' => 'pm_1JABlg2H24DauksWJLRnyyJk',
  'customer' => 'cus_JnmvejDlOTs1Vi',
  'capture_method' => 'automatic',
  'metadata' => 
  array (
    'customer_name' => '(redacted)',
    'customer_email' => '(redacted)',
    'site_url' => 'http://intoplantz.com',
    'order_id' => 250,
    'order_key' => 'wc_order_GVS4tjWAGvPEk',
    'payment_type' => 'WCPay\\Constants\\Payment_Type()',
  ),
  'level3' => 
  array (
  ),
)
2021-07-06T10:44:52+00:00 INFO RESPONSE: array (
  'id' => 'pi_1JABlm2H24DauksWCrVz5HFa',
  'object' => 'payment_intent',
  'amount' => 50000,
  'amount_capturable' => 0,
  'amount_received' => 50000,
  'application' => 'ca_Ex84e31yMTLaNU5ozQvi5woLclpIDVpX',
  'application_fee_amount' => 1471,
  'canceled_at' => NULL,
  'cancellation_reason' => NULL,
  'capture_method' => 'automatic',
  'charges' => 
  array (
    'object' => 'list',
    'data' => 
    array (
      0 => 
      array (
        'id' => 'ch_1JABln2H24DauksWxY9zk3pv',
        'object' => 'charge',
        'amount' => 50000,
        'amount_captured' => 50000,
        'amount_refunded' => 0,
        'application' => 'ca_Ex84e31yMTLaNU5ozQvi5woLclpIDVpX',
        'application_fee' => 'fee_1JABln2H24DauksWWgiNSviV',
        'application_fee_amount' => 1471,
        'balance_transaction' => 
        array (
          'id' => 'txn_1JABln2H24DauksWl5w7tEFo',
          'object' => 'balance_transaction',
          'amount' => 70864,
          'available_on' => 1626048000,
          'created' => 1625568291,
          'currency' => 'nzd',
          'description' => NULL,
          'exchange_rate' => 1.41727,
          'fee' => 2085,
          'fee_details' => 
          array (
            0 => 
            array (
              'amount' => 2085,
              'application' => 'ca_Ex84e31yMTLaNU5ozQvi5woLclpIDVpX',
              'currency' => 'nzd',
              'description' => 'WooCommerce Payments application fee',
              'type' => 'application_fee',
            ),
          ),
          'net' => 68779,
          'reporting_category' => 'charge',
          'source' => 'ch_1JABln2H24DauksWxY9zk3pv',
          'status' => 'pending',
          'type' => 'charge',
        ),
        'billing_details' => 
        array (
          'address' => 
          array (
            'city' => '(redacted)',
            'country' => '(redacted)',
            'line1' => '(redacted)',
            'line2' => '(redacted)',
            'postal_code' => '(redacted)',
            'state' => '(redacted)',
          ),
          'email' => '(redacted)',
          'name' => '(redacted)',
          'phone' => '(redacted)',
        ),
        'calculated_statement_descriptor' => 'INTOPLANTZ.COM',
        'captured' => true,
        'created' => 1625568291,
        'currency' => 'usd',
        'customer' => 'cus_JnmvejDlOTs1Vi',
        'description' => NULL,
        'destination' => NULL,
        'dispute' => NULL,
        'disputed' => false,
        'failure_code' => NULL,
        'failure_message' => NULL,
        'fraud_details' => 
        array (
        ),
        'invoice' => NULL,
        'livemode' => false,
        'metadata' => 
        array (
          'customer_name' => '(redacted)',
          'customer_email' => '(redacted)',
          'site_url' => 'http://intoplantz.com',
          'order_id' => '250',
          'order_key' => 'wc_order_GVS4tjWAGvPEk',
          'payment_type' => 'single',
        ),
        'on_behalf_of' => NULL,
        'order' => NULL,
        'outcome' => 
        array (
          'network_status' => 'approved_by_network',
          'reason' => NULL,
          'risk_level' => 'normal',
          'risk_score' => 21,
          'seller_message' => 'Payment complete.',
          'type' => 'authorized',
        ),
        'paid' => true,
        'payment_intent' => 'pi_1JABlm2H24DauksWCrVz5HFa',
        'payment_method' => 'pm_1JABlg2H24DauksWJLRnyyJk',
        'payment_method_details' => 
        array (
          'card' => 
          array (
            'brand' => 'visa',
            'checks' => 
            array (
              'address_line1_check' => 'pass',
              'address_postal_code_check' => 'pass',
              'cvc_check' => 'pass',
            ),
            'country' => '(redacted)',
            'exp_month' => 5,
            'exp_year' => 2025,
            'fingerprint' => '0SEufZLr8JkcLcfi',
            'funding' => 'credit',
            'installments' => NULL,
            'last4' => '4242',
            'network' => 'visa',
            'three_d_secure' => NULL,
            'wallet' => NULL,
          ),
          'type' => 'card',
        ),
        'receipt_email' => NULL,
        'receipt_number' => NULL,
        'receipt_url' => 'https://pay.stripe.com/receipts/acct_1JAB282H24DauksW/ch_1JABln2H24DauksWxY9zk3pv/rcpt_JnnMyGMj7oRIJbZANy7sDUOjOCTjFk4',
        'refunded' => false,
        'refunds' => 
        array (
          'object' => 'list',
          'data' => 
          array (
          ),
          'has_more' => false,
          'total_count' => 0,
          'url' => '/v1/charges/ch_1JABln2H24DauksWxY9zk3pv/refunds',
        ),
        'review' => NULL,
        'shipping' => NULL,
        'source' => NULL,
        'source_transfer' => NULL,
        'statement_descriptor' => NULL,
        'statement_descriptor_suffix' => NULL,
        'status' => 'succeeded',
        'transfer_data' => NULL,
        'transfer_group' => NULL,
      ),
    ),
    'has_more' => false,
    'total_count' => 1,
    'url' => '/v1/charges?payment_intent=pi_1JABlm2H24DauksWCrVz5HFa',
  ),
  'client_secret' => '(redacted)',
  'confirmation_method' => 'automatic',
  'created' => 1625568290,
  'currency' => 'usd',
  'customer' => 'cus_JnmvejDlOTs1Vi',
  'description' => NULL,
  'invoice' => NULL,
  'last_payment_error' => NULL,
  'level3' => NULL,
  'livemode' => false,
  'metadata' => 
  array (
    'customer_name' => '(redacted)',
    'customer_email' => '(redacted)',
    'site_url' => 'http://intoplantz.com',
    'order_id' => '250',
    'order_key' => 'wc_order_GVS4tjWAGvPEk',
    'payment_type' => 'single',
  ),
  'next_action' => NULL,
  'on_behalf_of' => NULL,
  'payment_method' => 'pm_1JABlg2H24DauksWJLRnyyJk',
  'payment_method_options' => 
  array (
    'card' => 
    array (
      'installments' => NULL,
      'network' => NULL,
      'request_three_d_secure' => 'automatic',
    ),
  ),
  'payment_method_types' => 
  array (
    0 => 'card',
  ),
  'receipt_email' => NULL,
  'review' => NULL,
  'setup_future_usage' => NULL,
  'shipping' => NULL,
  'source' => NULL,
  'statement_descriptor' => NULL,
  'statement_descriptor_suffix' => NULL,
  'status' => 'succeeded',
  'transfer_data' => NULL,
  'transfer_group' => NULL,
)
2021-07-06T10:44:56+00:00 DEBUG Webhook recieved: payment_intent.succeeded
2021-07-06T10:44:56+00:00 DEBUG Webhook body: array (
  'id' => 'evt_1JABlo2H24DauksWyDuodcYa',
  'type' => 'payment_intent.succeeded',
  'livemode' => false,
  'account' => 'acct_1JAB282H24DauksW',
  'data' => 
  array (
    'object' => 
    array (
      'id' => 'pi_1JABlm2H24DauksWCrVz5HFa',
      'object' => 'payment_intent',
      'amount' => 50000,
      'amount_capturable' => 0,
      'amount_received' => 50000,
      'application' => 'ca_Ex84e31yMTLaNU5ozQvi5woLclpIDVpX',
      'application_fee_amount' => 1471,
      'canceled_at' => NULL,
      'cancellation_reason' => NULL,
      'capture_method' => 'automatic',
      'charges' => 
      array (
        'object' => 'list',
        'data' => 
        array (
          0 => 
          array (
            'id' => 'ch_1JABln2H24DauksWxY9zk3pv',
            'object' => 'charge',
            'amount' => 50000,
            'amount_captured' => 50000,
            'amount_refunded' => 0,
            'application' => 'ca_Ex84e31yMTLaNU5ozQvi5woLclpIDVpX',
            'application_fee' => 'fee_1JABln2H24DauksWWgiNSviV',
            'application_fee_amount' => 1471,
            'balance_transaction' => 'txn_1JABln2H24DauksWl5w7tEFo',
            'billing_details' => 
            array (
              'address' => 
              array (
                'city' => '(redacted)',
                'country' => '(redacted)',
                'line1' => '(redacted)',
                'line2' => '(redacted)',
                'postal_code' => '(redacted)',
                'state' => '(redacted)',
              ),
              'email' => '(redacted)',
              'name' => '(redacted)',
              'phone' => '(redacted)',
            ),
            'calculated_statement_descriptor' => 'INTOPLANTZ.COM',
            'captured' => true,
            'created' => 1625568291,
            'currency' => 'usd',
            'customer' => 'cus_JnmvejDlOTs1Vi',
            'description' => NULL,
            'destination' => NULL,
            'dispute' => NULL,
            'disputed' => false,
            'failure_code' => NULL,
            'failure_message' => NULL,
            'fraud_details' => 
            array (
            ),
            'invoice' => NULL,
            'livemode' => false,
            'metadata' => 
            array (
              'customer_name' => '(redacted)',
              'customer_email' => '(redacted)',
              'site_url' => 'http://intoplantz.com',
              'order_id' => '250',
              'order_key' => 'wc_order_GVS4tjWAGvPEk',
              'payment_type' => 'single',
            ),
            'on_behalf_of' => NULL,
            'order' => NULL,
            'outcome' => 
            array (
              'network_status' => 'approved_by_network',
              'reason' => NULL,
              'risk_level' => 'normal',
              'risk_score' => 21,
              'seller_message' => 'Payment complete.',
              'type' => 'authorized',
            ),
            'paid' => true,
            'payment_intent' => 'pi_1JABlm2H24DauksWCrVz5HFa',
            'payment_method' => 'pm_1JABlg2H24DauksWJLRnyyJk',
            'payment_method_details' => 
            array (
              'card' => 
              array (
                'brand' => 'visa',
                'checks' => 
                array (
                  'address_line1_check' => 'pass',
                  'address_postal_code_check' => 'pass',
                  'cvc_check' => 'pass',
                ),
                'country' => '(redacted)',
                'exp_month' => 5,
                'exp_year' => 2025,
                'fingerprint' => '0SEufZLr8JkcLcfi',
                'funding' => 'credit',
                'installments' => NULL,
                'last4' => '4242',
                'network' => 'visa',
                'three_d_secure' => NULL,
                'wallet' => NULL,
              ),
              'type' => 'card',
            ),
            'receipt_email' => NULL,
            'receipt_number' => NULL,
            'receipt_url' => 'https://pay.stripe.com/receipts/acct_1JAB282H24DauksW/ch_1JABln2H24DauksWxY9zk3pv/rcpt_JnnMyGMj7oRIJbZANy7sDUOjOCTjFk4',
            'refunded' => false,
            'refunds' => 
            array (
              'object' => 'list',
              'data' => 
              array (
              ),
              'has_more' => false,
              'total_count' => 0,
              'url' => '/v1/charges/ch_1JABln2H24DauksWxY9zk3pv/refunds',
            ),
            'review' => NULL,
            'shipping' => NULL,
            'source' => NULL,
            'source_transfer' => NULL,
            'statement_descriptor' => NULL,
            'statement_descriptor_suffix' => NULL,
            'status' => 'succeeded',
            'transfer_data' => NULL,
            'transfer_group' => NULL,
          ),
        ),
        'has_more' => false,
        'total_count' => 1,
        'url' => '/v1/charges?payment_intent=pi_1JABlm2H24DauksWCrVz5HFa',
      ),
      'client_secret' => '(redacted)',
      'confirmation_method' => 'automatic',
      'created' => 1625568290,
      'currency' => 'usd',
      'customer' => 'cus_JnmvejDlOTs1Vi',
      'description' => NULL,
      'invoice' => NULL,
      'last_payment_error' => NULL,
      'livemode' => false,
      'metadata' => 
      array (
        'customer_name' => '(redacted)',
        'customer_email' => '(redacted)',
        'site_url' => 'http://intoplantz.com',
        'order_id' => '250',
        'order_key' => 'wc_order_GVS4tjWAGvPEk',
        'payment_type' => 'single',
      ),
      'next_action' => NULL,
      'on_behalf_of' => NULL,
      'payment_method' => 'pm_1JABlg2H24DauksWJLRnyyJk',
      'payment_method_options' => 
      array (
        'card' => 
        array (
          'installments' => NULL,
          'network' => NULL,
          'request_three_d_secure' => 'automatic',
        ),
      ),
      'payment_method_types' => 
      array (
        0 => 'card',
      ),
      'receipt_email' => NULL,
      'review' => NULL,
      'setup_future_usage' => NULL,
      'shipping' => NULL,
      'source' => NULL,
      'statement_descriptor' => NULL,
      'statement_descriptor_suffix' => NULL,
      'status' => 'succeeded',
      'transfer_data' => NULL,
      'transfer_group' => NULL,
      'level3' => NULL,
    ),
  ),
)
2021-07-06T10:45:14+00:00 INFO REQUEST POST https://public-api.wordpress.com/wpcom/v2/sites/%s/wcpay/tracking/order
2021-07-06T10:45:14+00:00 INFO BODY: array (
  'test_mode' => true,
  'order_data' => 
  array (
    'id' => 250,
    'parent_id' => 0,
    'status' => 'completed',
    'currency' => 'USD',
    'version' => '5.3.0',
    'prices_include_tax' => false,
    'date_created' => 'WC_DateTime()',
    'date_modified' => 'WC_DateTime()',
    'discount_total' => '0',
    'discount_tax' => '0',
    'shipping_total' => '0',
    'shipping_tax' => '0',
    'cart_tax' => '0',
    'total' => '500',
    'total_tax' => '0',
    'customer_id' => 1,
    'order_key' => 'wc_order_GVS4tjWAGvPEk',
    'billing' => 
    array (
      'first_name' => 'Allen',
      'last_name' => 'Acacio',
      'company' => '',
      'address_1' => '131 Clarkin Rd',
      'address_2' => '',
      'city' => '(redacted)',
      'state' => '(redacted)',
      'postcode' => '3214',
      'country' => '(redacted)',
      'email' => '(redacted)',
      'phone' => '(redacted)',
    ),
    'shipping' => 
    array (
      'first_name' => '',
      'last_name' => '',
      'company' => '',
      'address_1' => '',
      'address_2' => '',
      'city' => '(redacted)',
      'state' => '(redacted)',
      'postcode' => '',
      'country' => '(redacted)',
    ),
    'payment_method' => 'woocommerce_payments',
    'payment_method_title' => 'Credit card / debit card',
    'transaction_id' => 'pi_1JABlm2H24DauksWCrVz5HFa',
    'customer_ip_address' => '203.211.74.134',
    'customer_user_agent' => 'Mozilla/5.0 (X11; Linux x86_64) AppleWebKit/537.36 (KHTML, like Gecko) Chrome/88.0.4324.96 Safari/537.36',
    'created_via' => 'checkout',
    'customer_note' => '',
    'date_completed' => 'WC_DateTime()',
    'date_paid' => 'WC_DateTime()',
    'cart_hash' => '99926ffb32a0b348a68dbe11af7b71bb',
    'number' => '250',
    'meta_data' => 
    array (
      0 => 'WC_Meta_Data()',
      1 => 'WC_Meta_Data()',
      2 => 'WC_Meta_Data()',
      3 => 'WC_Meta_Data()',
      4 => 'WC_Meta_Data()',
      5 => 'WC_Meta_Data()',
      6 => 'WC_Meta_Data()',
      7 => 'WC_Meta_Data()',
      8 => 'WC_Meta_Data()',
      9 => 'WC_Meta_Data()',
      10 => 'WC_Meta_Data()',
    ),
    'line_items' => 
    array (
      19 => 'WC_Order_Item_Product()',
      20 => 'WC_Order_Item_Product()',
    ),
    'tax_lines' => 
    array (
    ),
    'shipping_lines' => 
    array (
    ),
    'fee_lines' => 
    array (
    ),
    'coupon_lines' => 
    array (
    ),
    '_payment_method_id' => 'pm_1JABlg2H24DauksWJLRnyyJk',
    '_stripe_customer_id' => 'cus_JnmvejDlOTs1Vi',
  ),
  'update' => false,
)
2021-07-06T10:45:14+00:00 INFO RESPONSE: array (
  'result' => 'error',
)
2021-07-06T10:53:55+00:00 INFO REQUEST POST https://public-api.wordpress.com/wpcom/v2/sites/%s/wcpay/accounts/login_links
2021-07-06T10:53:55+00:00 INFO BODY: array (
  'test_mode' => false,
  'redirect_url' => 'http://intoplantz.com/wp-admin/admin.php?page=wc-settings&tab=checkout&section=woocommerce_payments',
)
2021-07-06T10:53:55+00:00 INFO RESPONSE: array (
  'object' => 'login_link',
  'created' => 1625568835,
  'url' => 'https://connect.stripe.com/express/Jz9BESbqMtGf',
)
2021-07-06T10:54:14+00:00 INFO REQUEST GET https://public-api.wordpress.com/wpcom/v2/sites/%s/wcpay/accounts?test_mode=0
2021-07-06T10:54:14+00:00 INFO RESPONSE: array (
  'account_id' => 'acct_1JAB282H24DauksW',
  'email' => '(redacted)',
  'live_publishable_key' => 'pk_live_iBIpeqzKOOx2Y8PFCRBfyMU000Q7xVG4Sn',
  'test_publishable_key' => 'pk_test_51ETDmyFuiXB5oUVxwSobQMW5Tno1GclIq7ePZWzLeW4q8oa7Zb8hI5VfwI5sNT5nXuKYinLukNvGCXmsQXAoDGHG00MqHqlYHR',
  'is_live' => true,
  'has_pending_requirements' => false,
  'has_overdue_requirements' => false,
  'current_deadline' => NULL,
  'status' => 'complete',
  'payments_enabled' => true,
  'deposits_status' => 'daily',
  'statement_descriptor' => 'INTOPLANTZ.COM',
  'latest_tos_agreement' => 
  array (
    'date' => '2021-07-06 10:08:55',
    'source' => 'signup',
    'is_current_version' => true,
  ),
  'fees' => 
  array (
    'base' => 
    array (
      'percentage_rate' => 0.029,
      'fixed_rate' => 30,
      'currency' => 'nzd',
    ),
    'discount' => 
    array (
    ),
  ),
  'fraud_services' => 
  array (
    'stripe' => 
    array (
    ),
    'sift' => 
    array (
      'beacon_key' => 'affbdadb36',
      'sandbox_beacon_key' => '6ad0ad748b',
    ),
  ),
  'store_currencies' => 
  array (
    'default' => 'nzd',
    'supported' => 
    array (
      0 => 'nzd',
    ),
  ),
  'country' => '(redacted)',
  'instant_deposits_eligible' => false,
  'card_present_eligible' => false,
)
2021-07-06T15:03:01+00:00 INFO REQUEST GET https://public-api.wordpress.com/wpcom/v2/sites/%s/wcpay/accounts?test_mode=0
2021-07-06T15:03:02+00:00 INFO RESPONSE: array (
  'account_id' => 'acct_1JAB282H24DauksW',
  'email' => '(redacted)',
  'live_publishable_key' => 'pk_live_iBIpeqzKOOx2Y8PFCRBfyMU000Q7xVG4Sn',
  'test_publishable_key' => 'pk_test_51ETDmyFuiXB5oUVxwSobQMW5Tno1GclIq7ePZWzLeW4q8oa7Zb8hI5VfwI5sNT5nXuKYinLukNvGCXmsQXAoDGHG00MqHqlYHR',
  'is_live' => true,
  'has_pending_requirements' => false,
  'has_overdue_requirements' => false,
  'current_deadline' => NULL,
  'status' => 'complete',
  'payments_enabled' => true,
  'deposits_status' => 'daily',
  'statement_descriptor' => 'INTOPLANTZ.COM',
  'latest_tos_agreement' => 
  array (
    'date' => '2021-07-06 10:08:55',
    'source' => 'signup',
    'is_current_version' => true,
  ),
  'fees' => 
  array (
    'base' => 
    array (
      'percentage_rate' => 0.029,
      'fixed_rate' => 30,
      'currency' => 'nzd',
    ),
    'discount' => 
    array (
    ),
  ),
  'fraud_services' => 
  array (
    'stripe' => 
    array (
    ),
    'sift' => 
    array (
      'beacon_key' => 'affbdadb36',
      'sandbox_beacon_key' => '6ad0ad748b',
    ),
  ),
  'store_currencies' => 
  array (
    'default' => 'nzd',
    'supported' => 
    array (
      0 => 'nzd',
    ),
  ),
  'country' => '(redacted)',
  'instant_deposits_eligible' => false,
  'card_present_eligible' => false,
)
2021-07-06T21:18:37+00:00 INFO REQUEST GET https://public-api.wordpress.com/wpcom/v2/sites/%s/wcpay/accounts?test_mode=0
2021-07-06T21:18:37+00:00 INFO RESPONSE: array (
  'account_id' => 'acct_1JAB282H24DauksW',
  'email' => '(redacted)',
  'live_publishable_key' => 'pk_live_iBIpeqzKOOx2Y8PFCRBfyMU000Q7xVG4Sn',
  'test_publishable_key' => 'pk_test_51ETDmyFuiXB5oUVxwSobQMW5Tno1GclIq7ePZWzLeW4q8oa7Zb8hI5VfwI5sNT5nXuKYinLukNvGCXmsQXAoDGHG00MqHqlYHR',
  'is_live' => true,
  'has_pending_requirements' => false,
  'has_overdue_requirements' => false,
  'current_deadline' => NULL,
  'status' => 'complete',
  'payments_enabled' => true,
  'deposits_status' => 'daily',
  'statement_descriptor' => 'INTOPLANTZ.COM',
  'latest_tos_agreement' => 
  array (
    'date' => '2021-07-06 10:08:55',
    'source' => 'signup',
    'is_current_version' => true,
  ),
  'fees' => 
  array (
    'base' => 
    array (
      'percentage_rate' => 0.029,
      'fixed_rate' => 30,
      'currency' => 'nzd',
    ),
    'discount' => 
    array (
    ),
  ),
  'fraud_services' => 
  array (
    'stripe' => 
    array (
    ),
    'sift' => 
    array (
      'beacon_key' => 'affbdadb36',
      'sandbox_beacon_key' => '6ad0ad748b',
    ),
  ),
  'store_currencies' => 
  array (
    'default' => 'nzd',
    'supported' => 
    array (
      0 => 'nzd',
    ),
  ),
  'country' => '(redacted)',
  'instant_deposits_eligible' => false,
  'card_present_eligible' => false,
)
2021-07-06T23:50:22+00:00 INFO REQUEST GET https://public-api.wordpress.com/wpcom/v2/sites/%s/wcpay/accounts?test_mode=0
2021-07-06T23:50:22+00:00 INFO RESPONSE: array (
  'account_id' => 'acct_1JAB282H24DauksW',
  'email' => '(redacted)',
  'live_publishable_key' => 'pk_live_iBIpeqzKOOx2Y8PFCRBfyMU000Q7xVG4Sn',
  'test_publishable_key' => 'pk_test_51ETDmyFuiXB5oUVxwSobQMW5Tno1GclIq7ePZWzLeW4q8oa7Zb8hI5VfwI5sNT5nXuKYinLukNvGCXmsQXAoDGHG00MqHqlYHR',
  'is_live' => true,
  'has_pending_requirements' => false,
  'has_overdue_requirements' => false,
  'current_deadline' => NULL,
  'status' => 'complete',
  'payments_enabled' => true,
  'deposits_status' => 'daily',
  'statement_descriptor' => 'INTOPLANTZ.COM',
  'latest_tos_agreement' => 
  array (
    'date' => '2021-07-06 10:08:55',
    'source' => 'signup',
    'is_current_version' => true,
  ),
  'fees' => 
  array (
    'base' => 
    array (
      'percentage_rate' => 0.029,
      'fixed_rate' => 30,
      'currency' => 'nzd',
    ),
    'discount' => 
    array (
    ),
  ),
  'fraud_services' => 
  array (
    'stripe' => 
    array (
    ),
    'sift' => 
    array (
      'beacon_key' => 'affbdadb36',
      'sandbox_beacon_key' => '6ad0ad748b',
    ),
  ),
  'store_currencies' => 
  array (
    'default' => 'nzd',
    'supported' => 
    array (
      0 => 'nzd',
    ),
  ),
  'country' => '(redacted)',
  'instant_deposits_eligible' => false,
  'card_present_eligible' => false,
)
