2021-07-10T02:26:43+00:00 INFO REQUEST GET https://public-api.wordpress.com/wpcom/v2/sites/%s/wcpay/accounts?test_mode=0
2021-07-10T02:26:45+00:00 INFO RESPONSE: array (
  'account_id' => 'acct_1JAB282H24DauksW',
  'email' => '(redacted)',
  'live_publishable_key' => 'pk_live_iBIpeqzKOOx2Y8PFCRBfyMU000Q7xVG4Sn',
  'test_publishable_key' => 'pk_test_51ETDmyFuiXB5oUVxwSobQMW5Tno1GclIq7ePZWzLeW4q8oa7Zb8hI5VfwI5sNT5nXuKYinLukNvGCXmsQXAoDGHG00MqHqlYHR',
  'is_live' => true,
  'has_pending_requirements' => false,
  'has_overdue_requirements' => false,
  'current_deadline' => NULL,
  'status' => 'complete',
  'payments_enabled' => true,
  'deposits_status' => 'daily',
  'statement_descriptor' => 'INTOPLANTZ.COM',
  'latest_tos_agreement' => 
  array (
    'date' => '2021-07-06 10:08:55',
    'source' => 'signup',
    'is_current_version' => true,
  ),
  'fees' => 
  array (
    'base' => 
    array (
      'percentage_rate' => 0.029,
      'fixed_rate' => 30,
      'currency' => 'nzd',
    ),
    'discount' => 
    array (
    ),
  ),
  'fraud_services' => 
  array (
    'stripe' => 
    array (
    ),
    'sift' => 
    array (
      'beacon_key' => 'affbdadb36',
      'sandbox_beacon_key' => '6ad0ad748b',
    ),
  ),
  'store_currencies' => 
  array (
    'default' => 'nzd',
    'supported' => 
    array (
      0 => 'nzd',
    ),
  ),
  'country' => '(redacted)',
  'instant_deposits_eligible' => false,
  'card_present_eligible' => false,
)
2021-07-10T05:22:51+00:00 INFO REQUEST GET https://public-api.wordpress.com/wpcom/v2/sites/%s/wcpay/accounts?test_mode=0
2021-07-10T05:22:52+00:00 INFO RESPONSE: array (
  'account_id' => 'acct_1JAB282H24DauksW',
  'email' => '(redacted)',
  'live_publishable_key' => 'pk_live_iBIpeqzKOOx2Y8PFCRBfyMU000Q7xVG4Sn',
  'test_publishable_key' => 'pk_test_51ETDmyFuiXB5oUVxwSobQMW5Tno1GclIq7ePZWzLeW4q8oa7Zb8hI5VfwI5sNT5nXuKYinLukNvGCXmsQXAoDGHG00MqHqlYHR',
  'is_live' => true,
  'has_pending_requirements' => false,
  'has_overdue_requirements' => false,
  'current_deadline' => NULL,
  'status' => 'complete',
  'payments_enabled' => true,
  'deposits_status' => 'daily',
  'statement_descriptor' => 'INTOPLANTZ.COM',
  'latest_tos_agreement' => 
  array (
    'date' => '2021-07-06 10:08:55',
    'source' => 'signup',
    'is_current_version' => true,
  ),
  'fees' => 
  array (
    'base' => 
    array (
      'percentage_rate' => 0.029,
      'fixed_rate' => 30,
      'currency' => 'nzd',
    ),
    'discount' => 
    array (
    ),
  ),
  'fraud_services' => 
  array (
    'stripe' => 
    array (
    ),
    'sift' => 
    array (
      'beacon_key' => 'affbdadb36',
      'sandbox_beacon_key' => '6ad0ad748b',
    ),
  ),
  'store_currencies' => 
  array (
    'default' => 'nzd',
    'supported' => 
    array (
      0 => 'nzd',
    ),
  ),
  'country' => '(redacted)',
  'instant_deposits_eligible' => false,
  'card_present_eligible' => false,
)
2021-07-10T07:49:22+00:00 INFO REQUEST GET https://public-api.wordpress.com/wpcom/v2/sites/%s/wcpay/accounts?test_mode=0
2021-07-10T07:49:22+00:00 INFO RESPONSE: array (
  'account_id' => 'acct_1JAB282H24DauksW',
  'email' => '(redacted)',
  'live_publishable_key' => 'pk_live_iBIpeqzKOOx2Y8PFCRBfyMU000Q7xVG4Sn',
  'test_publishable_key' => 'pk_test_51ETDmyFuiXB5oUVxwSobQMW5Tno1GclIq7ePZWzLeW4q8oa7Zb8hI5VfwI5sNT5nXuKYinLukNvGCXmsQXAoDGHG00MqHqlYHR',
  'is_live' => true,
  'has_pending_requirements' => false,
  'has_overdue_requirements' => false,
  'current_deadline' => NULL,
  'status' => 'complete',
  'payments_enabled' => true,
  'deposits_status' => 'daily',
  'statement_descriptor' => 'INTOPLANTZ.COM',
  'latest_tos_agreement' => 
  array (
    'date' => '2021-07-06 10:08:55',
    'source' => 'signup',
    'is_current_version' => true,
  ),
  'fees' => 
  array (
    'base' => 
    array (
      'percentage_rate' => 0.029,
      'fixed_rate' => 30,
      'currency' => 'nzd',
    ),
    'discount' => 
    array (
    ),
  ),
  'fraud_services' => 
  array (
    'stripe' => 
    array (
    ),
    'sift' => 
    array (
      'beacon_key' => 'affbdadb36',
      'sandbox_beacon_key' => '6ad0ad748b',
    ),
  ),
  'store_currencies' => 
  array (
    'default' => 'nzd',
    'supported' => 
    array (
      0 => 'nzd',
    ),
  ),
  'country' => '(redacted)',
  'instant_deposits_eligible' => false,
  'card_present_eligible' => false,
)
2021-07-10T10:22:40+00:00 INFO REQUEST GET https://public-api.wordpress.com/wpcom/v2/sites/%s/wcpay/accounts?test_mode=0
2021-07-10T10:22:41+00:00 INFO RESPONSE: array (
  'account_id' => 'acct_1JAB282H24DauksW',
  'email' => '(redacted)',
  'live_publishable_key' => 'pk_live_iBIpeqzKOOx2Y8PFCRBfyMU000Q7xVG4Sn',
  'test_publishable_key' => 'pk_test_51ETDmyFuiXB5oUVxwSobQMW5Tno1GclIq7ePZWzLeW4q8oa7Zb8hI5VfwI5sNT5nXuKYinLukNvGCXmsQXAoDGHG00MqHqlYHR',
  'is_live' => true,
  'has_pending_requirements' => false,
  'has_overdue_requirements' => false,
  'current_deadline' => NULL,
  'status' => 'complete',
  'payments_enabled' => true,
  'deposits_status' => 'daily',
  'statement_descriptor' => 'INTOPLANTZ.COM',
  'latest_tos_agreement' => 
  array (
    'date' => '2021-07-06 10:08:55',
    'source' => 'signup',
    'is_current_version' => true,
  ),
  'fees' => 
  array (
    'base' => 
    array (
      'percentage_rate' => 0.029,
      'fixed_rate' => 30,
      'currency' => 'nzd',
    ),
    'discount' => 
    array (
    ),
  ),
  'fraud_services' => 
  array (
    'stripe' => 
    array (
    ),
    'sift' => 
    array (
      'beacon_key' => 'affbdadb36',
      'sandbox_beacon_key' => '6ad0ad748b',
    ),
  ),
  'store_currencies' => 
  array (
    'default' => 'nzd',
    'supported' => 
    array (
      0 => 'nzd',
    ),
  ),
  'country' => '(redacted)',
  'instant_deposits_eligible' => false,
  'card_present_eligible' => false,
)
2021-07-10T12:25:27+00:00 INFO REQUEST GET https://public-api.wordpress.com/wpcom/v2/sites/%s/wcpay/accounts?test_mode=0
2021-07-10T12:25:27+00:00 INFO RESPONSE: array (
  'account_id' => 'acct_1JAB282H24DauksW',
  'email' => '(redacted)',
  'live_publishable_key' => 'pk_live_iBIpeqzKOOx2Y8PFCRBfyMU000Q7xVG4Sn',
  'test_publishable_key' => 'pk_test_51ETDmyFuiXB5oUVxwSobQMW5Tno1GclIq7ePZWzLeW4q8oa7Zb8hI5VfwI5sNT5nXuKYinLukNvGCXmsQXAoDGHG00MqHqlYHR',
  'is_live' => true,
  'has_pending_requirements' => false,
  'has_overdue_requirements' => false,
  'current_deadline' => NULL,
  'status' => 'complete',
  'payments_enabled' => true,
  'deposits_status' => 'daily',
  'statement_descriptor' => 'INTOPLANTZ.COM',
  'latest_tos_agreement' => 
  array (
    'date' => '2021-07-06 10:08:55',
    'source' => 'signup',
    'is_current_version' => true,
  ),
  'fees' => 
  array (
    'base' => 
    array (
      'percentage_rate' => 0.029,
      'fixed_rate' => 30,
      'currency' => 'nzd',
    ),
    'discount' => 
    array (
    ),
  ),
  'fraud_services' => 
  array (
    'stripe' => 
    array (
    ),
    'sift' => 
    array (
      'beacon_key' => 'affbdadb36',
      'sandbox_beacon_key' => '6ad0ad748b',
    ),
  ),
  'store_currencies' => 
  array (
    'default' => 'nzd',
    'supported' => 
    array (
      0 => 'nzd',
    ),
  ),
  'country' => '(redacted)',
  'instant_deposits_eligible' => false,
  'card_present_eligible' => false,
)
2021-07-10T14:43:06+00:00 INFO REQUEST GET https://public-api.wordpress.com/wpcom/v2/sites/%s/wcpay/accounts?test_mode=0
2021-07-10T14:43:07+00:00 INFO RESPONSE: array (
  'account_id' => 'acct_1JAB282H24DauksW',
  'email' => '(redacted)',
  'live_publishable_key' => 'pk_live_iBIpeqzKOOx2Y8PFCRBfyMU000Q7xVG4Sn',
  'test_publishable_key' => 'pk_test_51ETDmyFuiXB5oUVxwSobQMW5Tno1GclIq7ePZWzLeW4q8oa7Zb8hI5VfwI5sNT5nXuKYinLukNvGCXmsQXAoDGHG00MqHqlYHR',
  'is_live' => true,
  'has_pending_requirements' => false,
  'has_overdue_requirements' => false,
  'current_deadline' => NULL,
  'status' => 'complete',
  'payments_enabled' => true,
  'deposits_status' => 'daily',
  'statement_descriptor' => 'INTOPLANTZ.COM',
  'latest_tos_agreement' => 
  array (
    'date' => '2021-07-06 10:08:55',
    'source' => 'signup',
    'is_current_version' => true,
  ),
  'fees' => 
  array (
    'base' => 
    array (
      'percentage_rate' => 0.029,
      'fixed_rate' => 30,
      'currency' => 'nzd',
    ),
    'discount' => 
    array (
    ),
  ),
  'fraud_services' => 
  array (
    'stripe' => 
    array (
    ),
    'sift' => 
    array (
      'beacon_key' => 'affbdadb36',
      'sandbox_beacon_key' => '6ad0ad748b',
    ),
  ),
  'store_currencies' => 
  array (
    'default' => 'nzd',
    'supported' => 
    array (
      0 => 'nzd',
    ),
  ),
  'country' => '(redacted)',
  'instant_deposits_eligible' => false,
  'card_present_eligible' => false,
)
2021-07-10T17:03:17+00:00 INFO REQUEST GET https://public-api.wordpress.com/wpcom/v2/sites/%s/wcpay/accounts?test_mode=0
2021-07-10T17:03:18+00:00 INFO RESPONSE: array (
  'account_id' => 'acct_1JAB282H24DauksW',
  'email' => '(redacted)',
  'live_publishable_key' => 'pk_live_iBIpeqzKOOx2Y8PFCRBfyMU000Q7xVG4Sn',
  'test_publishable_key' => 'pk_test_51ETDmyFuiXB5oUVxwSobQMW5Tno1GclIq7ePZWzLeW4q8oa7Zb8hI5VfwI5sNT5nXuKYinLukNvGCXmsQXAoDGHG00MqHqlYHR',
  'is_live' => true,
  'has_pending_requirements' => false,
  'has_overdue_requirements' => false,
  'current_deadline' => NULL,
  'status' => 'complete',
  'payments_enabled' => true,
  'deposits_status' => 'daily',
  'statement_descriptor' => 'INTOPLANTZ.COM',
  'latest_tos_agreement' => 
  array (
    'date' => '2021-07-06 10:08:55',
    'source' => 'signup',
    'is_current_version' => true,
  ),
  'fees' => 
  array (
    'base' => 
    array (
      'percentage_rate' => 0.029,
      'fixed_rate' => 30,
      'currency' => 'nzd',
    ),
    'discount' => 
    array (
    ),
  ),
  'fraud_services' => 
  array (
    'stripe' => 
    array (
    ),
    'sift' => 
    array (
      'beacon_key' => 'affbdadb36',
      'sandbox_beacon_key' => '6ad0ad748b',
    ),
  ),
  'store_currencies' => 
  array (
    'default' => 'nzd',
    'supported' => 
    array (
      0 => 'nzd',
    ),
  ),
  'country' => '(redacted)',
  'instant_deposits_eligible' => false,
  'card_present_eligible' => false,
)
2021-07-10T19:04:58+00:00 INFO REQUEST GET https://public-api.wordpress.com/wpcom/v2/sites/%s/wcpay/accounts?test_mode=0
2021-07-10T19:04:59+00:00 INFO RESPONSE: array (
  'account_id' => 'acct_1JAB282H24DauksW',
  'email' => '(redacted)',
  'live_publishable_key' => 'pk_live_iBIpeqzKOOx2Y8PFCRBfyMU000Q7xVG4Sn',
  'test_publishable_key' => 'pk_test_51ETDmyFuiXB5oUVxwSobQMW5Tno1GclIq7ePZWzLeW4q8oa7Zb8hI5VfwI5sNT5nXuKYinLukNvGCXmsQXAoDGHG00MqHqlYHR',
  'is_live' => true,
  'has_pending_requirements' => false,
  'has_overdue_requirements' => false,
  'current_deadline' => NULL,
  'status' => 'complete',
  'payments_enabled' => true,
  'deposits_status' => 'daily',
  'statement_descriptor' => 'INTOPLANTZ.COM',
  'latest_tos_agreement' => 
  array (
    'date' => '2021-07-06 10:08:55',
    'source' => 'signup',
    'is_current_version' => true,
  ),
  'fees' => 
  array (
    'base' => 
    array (
      'percentage_rate' => 0.029,
      'fixed_rate' => 30,
      'currency' => 'nzd',
    ),
    'discount' => 
    array (
    ),
  ),
  'fraud_services' => 
  array (
    'stripe' => 
    array (
    ),
    'sift' => 
    array (
      'beacon_key' => 'affbdadb36',
      'sandbox_beacon_key' => '6ad0ad748b',
    ),
  ),
  'store_currencies' => 
  array (
    'default' => 'nzd',
    'supported' => 
    array (
      0 => 'nzd',
    ),
  ),
  'country' => '(redacted)',
  'instant_deposits_eligible' => false,
  'card_present_eligible' => false,
)
2021-07-10T21:29:35+00:00 INFO REQUEST GET https://public-api.wordpress.com/wpcom/v2/sites/%s/wcpay/accounts?test_mode=0
2021-07-10T21:29:36+00:00 INFO RESPONSE: array (
  'account_id' => 'acct_1JAB282H24DauksW',
  'email' => '(redacted)',
  'live_publishable_key' => 'pk_live_iBIpeqzKOOx2Y8PFCRBfyMU000Q7xVG4Sn',
  'test_publishable_key' => 'pk_test_51ETDmyFuiXB5oUVxwSobQMW5Tno1GclIq7ePZWzLeW4q8oa7Zb8hI5VfwI5sNT5nXuKYinLukNvGCXmsQXAoDGHG00MqHqlYHR',
  'is_live' => true,
  'has_pending_requirements' => false,
  'has_overdue_requirements' => false,
  'current_deadline' => NULL,
  'status' => 'complete',
  'payments_enabled' => true,
  'deposits_status' => 'daily',
  'statement_descriptor' => 'INTOPLANTZ.COM',
  'latest_tos_agreement' => 
  array (
    'date' => '2021-07-06 10:08:55',
    'source' => 'signup',
    'is_current_version' => true,
  ),
  'fees' => 
  array (
    'base' => 
    array (
      'percentage_rate' => 0.029,
      'fixed_rate' => 30,
      'currency' => 'nzd',
    ),
    'discount' => 
    array (
    ),
  ),
  'fraud_services' => 
  array (
    'stripe' => 
    array (
    ),
    'sift' => 
    array (
      'beacon_key' => 'affbdadb36',
      'sandbox_beacon_key' => '6ad0ad748b',
    ),
  ),
  'store_currencies' => 
  array (
    'default' => 'nzd',
    'supported' => 
    array (
      0 => 'nzd',
    ),
  ),
  'country' => '(redacted)',
  'instant_deposits_eligible' => false,
  'card_present_eligible' => false,
)
