2021-07-29T01:12:55+00:00 DEBUG Webhook recieved: payout.paid
2021-07-29T01:12:55+00:00 DEBUG Webhook recieved: payout.created
2021-07-29T01:12:55+00:00 DEBUG Webhook body: array (
  'id' => 'evt_1JINn62H24DauksWLW7Tahif',
  'type' => 'payout.paid',
  'livemode' => false,
  'account' => 'acct_1JAB282H24DauksW',
  'data' => 
  array (
    'object' => 
    array (
      'id' => 'po_1JINi62H24DauksWGxzP4c9x',
      'object' => 'payout',
      'amount' => 34747,
      'arrival_date' => 1627516800,
      'automatic' => true,
      'balance_transaction' => 'txn_1JINi62H24DauksWzE3nZZ3G',
      'created' => 1627520814,
      'currency' => 'nzd',
      'description' => 'STRIPE PAYOUT',
      'destination' => 'ba_1JAB5a2H24DauksWhil9dwA5',
      'failure_balance_transaction' => NULL,
      'failure_code' => NULL,
      'failure_message' => NULL,
      'livemode' => false,
      'metadata' => 
      array (
      ),
      'method' => 'standard',
      'original_payout' => NULL,
      'reversed_by' => NULL,
      'source_type' => 'card',
      'statement_descriptor' => 'WooCommerce Payments',
      'status' => 'paid',
      'type' => 'bank_account',
    ),
  ),
)
2021-07-29T01:12:55+00:00 DEBUG Webhook body: array (
  'id' => 'evt_1JINn52H24DauksWqyR9YYJU',
  'type' => 'payout.created',
  'livemode' => false,
  'account' => 'acct_1JAB282H24DauksW',
  'data' => 
  array (
    'object' => 
    array (
      'id' => 'po_1JINi62H24DauksWGxzP4c9x',
      'object' => 'payout',
      'amount' => 34747,
      'arrival_date' => 1627516800,
      'automatic' => true,
      'balance_transaction' => 'txn_1JINi62H24DauksWzE3nZZ3G',
      'created' => 1627520814,
      'currency' => 'nzd',
      'description' => 'STRIPE PAYOUT',
      'destination' => 'ba_1JAB5a2H24DauksWhil9dwA5',
      'failure_balance_transaction' => NULL,
      'failure_code' => NULL,
      'failure_message' => NULL,
      'livemode' => false,
      'metadata' => 
      array (
      ),
      'method' => 'standard',
      'original_payout' => NULL,
      'reversed_by' => NULL,
      'source_type' => 'card',
      'statement_descriptor' => 'WooCommerce Payments',
      'status' => 'in_transit',
      'type' => 'bank_account',
    ),
  ),
)
2021-07-29T01:13:11+00:00 INFO REQUEST GET https://public-api.wordpress.com/wpcom/v2/sites/%s/wcpay/accounts?test_mode=0
2021-07-29T01:13:11+00:00 INFO RESPONSE: array (
  'account_id' => 'acct_1JAB282H24DauksW',
  'email' => '(redacted)',
  'live_publishable_key' => 'pk_live_iBIpeqzKOOx2Y8PFCRBfyMU000Q7xVG4Sn',
  'test_publishable_key' => 'pk_test_51ETDmyFuiXB5oUVxwSobQMW5Tno1GclIq7ePZWzLeW4q8oa7Zb8hI5VfwI5sNT5nXuKYinLukNvGCXmsQXAoDGHG00MqHqlYHR',
  'is_live' => true,
  'has_pending_requirements' => false,
  'has_overdue_requirements' => false,
  'current_deadline' => NULL,
  'status' => 'complete',
  'payments_enabled' => true,
  'deposits_status' => 'daily',
  'statement_descriptor' => 'INTOPLANTZ.COM',
  'latest_tos_agreement' => 
  array (
    'date' => '2021-07-06 10:08:55',
    'source' => 'signup',
    'is_current_version' => true,
  ),
  'fees' => 
  array (
    'base' => 
    array (
      'percentage_rate' => 0.029,
      'fixed_rate' => 30,
      'currency' => 'nzd',
    ),
    'discount' => 
    array (
    ),
  ),
  'fraud_services' => 
  array (
    'stripe' => 
    array (
    ),
    'sift' => 
    array (
      'beacon_key' => 'affbdadb36',
      'sandbox_beacon_key' => '6ad0ad748b',
    ),
  ),
  'store_currencies' => 
  array (
    'default' => 'nzd',
    'supported' => 
    array (
      0 => 'nzd',
    ),
  ),
  'presentment_currencies' => 
  array (
    0 => 'usd',
    1 => 'aed',
    2 => 'afn',
    3 => 'all',
    4 => 'amd',
    5 => 'ang',
    6 => 'aoa',
    7 => 'ars',
    8 => 'aud',
    9 => 'awg',
    10 => 'azn',
    11 => 'bam',
    12 => 'bbd',
    13 => 'bdt',
    14 => 'bgn',
    15 => 'bif',
    16 => 'bmd',
    17 => 'bnd',
    18 => 'bob',
    19 => 'brl',
    20 => 'bsd',
    21 => 'bwp',
    22 => 'bzd',
    23 => 'cad',
    24 => 'cdf',
    25 => 'chf',
    26 => 'clp',
    27 => 'cny',
    28 => 'cop',
    29 => 'crc',
    30 => 'cve',
    31 => 'czk',
    32 => 'djf',
    33 => 'dkk',
    34 => 'dop',
    35 => 'dzd',
    36 => 'egp',
    37 => 'etb',
    38 => 'eur',
    39 => 'fjd',
    40 => 'fkp',
    41 => 'gbp',
    42 => 'gel',
    43 => 'gip',
    44 => 'gmd',
    45 => 'gnf',
    46 => 'gtq',
    47 => 'gyd',
    48 => 'hkd',
    49 => 'hnl',
    50 => 'hrk',
    51 => 'htg',
    52 => 'huf',
    53 => 'idr',
    54 => 'ils',
    55 => 'inr',
    56 => 'isk',
    57 => 'jmd',
    58 => 'jpy',
    59 => 'kes',
    60 => 'kgs',
    61 => 'khr',
    62 => 'kmf',
    63 => 'krw',
    64 => 'kyd',
    65 => 'kzt',
    66 => 'lak',
    67 => 'lbp',
    68 => 'lkr',
    69 => 'lrd',
    70 => 'lsl',
    71 => 'mad',
    72 => 'mdl',
    73 => 'mga',
    74 => 'mkd',
    75 => 'mmk',
    76 => 'mnt',
    77 => 'mop',
    78 => 'mro',
    79 => 'mur',
    80 => 'mvr',
    81 => 'mwk',
    82 => 'mxn',
    83 => 'myr',
    84 => 'mzn',
    85 => 'nad',
    86 => 'ngn',
    87 => 'nio',
    88 => 'nok',
    89 => 'npr',
    90 => 'nzd',
    91 => 'pab',
    92 => 'pen',
    93 => 'pgk',
    94 => 'php',
    95 => 'pkr',
    96 => 'pln',
    97 => 'pyg',
    98 => 'qar',
    99 => 'ron',
    100 => 'rsd',
    101 => 'rub',
    102 => 'rwf',
    103 => 'sar',
    104 => 'sbd',
    105 => 'scr',
    106 => 'sek',
    107 => 'sgd',
    108 => 'shp',
    109 => 'sll',
    110 => 'sos',
    111 => 'srd',
    112 => 'std',
    113 => 'szl',
    114 => 'thb',
    115 => 'tjs',
    116 => 'top',
    117 => 'try',
    118 => 'ttd',
    119 => 'twd',
    120 => 'tzs',
    121 => 'uah',
    122 => 'ugx',
    123 => 'uyu',
    124 => 'uzs',
    125 => 'vnd',
    126 => 'vuv',
    127 => 'wst',
    128 => 'xaf',
    129 => 'xcd',
    130 => 'xof',
    131 => 'xpf',
    132 => 'yer',
    133 => 'zar',
    134 => 'zmw',
  ),
  'country' => '(redacted)',
  'instant_deposits_eligible' => false,
  'card_present_eligible' => false,
)
2021-07-29T02:12:38+00:00 DEBUG Webhook recieved: payout.paid
2021-07-29T02:12:38+00:00 DEBUG Webhook body: array (
  'id' => 'evt_1JINn62H24DauksWLW7Tahif',
  'type' => 'payout.paid',
  'livemode' => false,
  'account' => 'acct_1JAB282H24DauksW',
  'data' => 
  array (
    'object' => 
    array (
      'id' => 'po_1JINi62H24DauksWGxzP4c9x',
      'object' => 'payout',
      'amount' => 34747,
      'arrival_date' => 1627516800,
      'automatic' => true,
      'balance_transaction' => 'txn_1JINi62H24DauksWzE3nZZ3G',
      'created' => 1627520814,
      'currency' => 'nzd',
      'description' => 'STRIPE PAYOUT',
      'destination' => 'ba_1JAB5a2H24DauksWhil9dwA5',
      'failure_balance_transaction' => NULL,
      'failure_code' => NULL,
      'failure_message' => NULL,
      'livemode' => false,
      'metadata' => 
      array (
      ),
      'method' => 'standard',
      'original_payout' => NULL,
      'reversed_by' => NULL,
      'source_type' => 'card',
      'statement_descriptor' => 'WooCommerce Payments',
      'status' => 'paid',
      'type' => 'bank_account',
    ),
  ),
)
2021-07-29T02:12:39+00:00 DEBUG Webhook recieved: payout.created
2021-07-29T02:12:39+00:00 DEBUG Webhook body: array (
  'id' => 'evt_1JINn52H24DauksWqyR9YYJU',
  'type' => 'payout.created',
  'livemode' => false,
  'account' => 'acct_1JAB282H24DauksW',
  'data' => 
  array (
    'object' => 
    array (
      'id' => 'po_1JINi62H24DauksWGxzP4c9x',
      'object' => 'payout',
      'amount' => 34747,
      'arrival_date' => 1627516800,
      'automatic' => true,
      'balance_transaction' => 'txn_1JINi62H24DauksWzE3nZZ3G',
      'created' => 1627520814,
      'currency' => 'nzd',
      'description' => 'STRIPE PAYOUT',
      'destination' => 'ba_1JAB5a2H24DauksWhil9dwA5',
      'failure_balance_transaction' => NULL,
      'failure_code' => NULL,
      'failure_message' => NULL,
      'livemode' => false,
      'metadata' => 
      array (
      ),
      'method' => 'standard',
      'original_payout' => NULL,
      'reversed_by' => NULL,
      'source_type' => 'card',
      'statement_descriptor' => 'WooCommerce Payments',
      'status' => 'in_transit',
      'type' => 'bank_account',
    ),
  ),
)
2021-07-29T03:13:37+00:00 INFO REQUEST GET https://public-api.wordpress.com/wpcom/v2/sites/%s/wcpay/accounts?test_mode=0
2021-07-29T03:13:37+00:00 INFO RESPONSE: array (
  'account_id' => 'acct_1JAB282H24DauksW',
  'email' => '(redacted)',
  'live_publishable_key' => 'pk_live_iBIpeqzKOOx2Y8PFCRBfyMU000Q7xVG4Sn',
  'test_publishable_key' => 'pk_test_51ETDmyFuiXB5oUVxwSobQMW5Tno1GclIq7ePZWzLeW4q8oa7Zb8hI5VfwI5sNT5nXuKYinLukNvGCXmsQXAoDGHG00MqHqlYHR',
  'is_live' => true,
  'has_pending_requirements' => false,
  'has_overdue_requirements' => false,
  'current_deadline' => NULL,
  'status' => 'complete',
  'payments_enabled' => true,
  'deposits_status' => 'daily',
  'statement_descriptor' => 'INTOPLANTZ.COM',
  'latest_tos_agreement' => 
  array (
    'date' => '2021-07-06 10:08:55',
    'source' => 'signup',
    'is_current_version' => true,
  ),
  'fees' => 
  array (
    'base' => 
    array (
      'percentage_rate' => 0.029,
      'fixed_rate' => 30,
      'currency' => 'nzd',
    ),
    'discount' => 
    array (
    ),
  ),
  'fraud_services' => 
  array (
    'stripe' => 
    array (
    ),
    'sift' => 
    array (
      'beacon_key' => 'affbdadb36',
      'sandbox_beacon_key' => '6ad0ad748b',
    ),
  ),
  'store_currencies' => 
  array (
    'default' => 'nzd',
    'supported' => 
    array (
      0 => 'nzd',
    ),
  ),
  'presentment_currencies' => 
  array (
    0 => 'usd',
    1 => 'aed',
    2 => 'afn',
    3 => 'all',
    4 => 'amd',
    5 => 'ang',
    6 => 'aoa',
    7 => 'ars',
    8 => 'aud',
    9 => 'awg',
    10 => 'azn',
    11 => 'bam',
    12 => 'bbd',
    13 => 'bdt',
    14 => 'bgn',
    15 => 'bif',
    16 => 'bmd',
    17 => 'bnd',
    18 => 'bob',
    19 => 'brl',
    20 => 'bsd',
    21 => 'bwp',
    22 => 'bzd',
    23 => 'cad',
    24 => 'cdf',
    25 => 'chf',
    26 => 'clp',
    27 => 'cny',
    28 => 'cop',
    29 => 'crc',
    30 => 'cve',
    31 => 'czk',
    32 => 'djf',
    33 => 'dkk',
    34 => 'dop',
    35 => 'dzd',
    36 => 'egp',
    37 => 'etb',
    38 => 'eur',
    39 => 'fjd',
    40 => 'fkp',
    41 => 'gbp',
    42 => 'gel',
    43 => 'gip',
    44 => 'gmd',
    45 => 'gnf',
    46 => 'gtq',
    47 => 'gyd',
    48 => 'hkd',
    49 => 'hnl',
    50 => 'hrk',
    51 => 'htg',
    52 => 'huf',
    53 => 'idr',
    54 => 'ils',
    55 => 'inr',
    56 => 'isk',
    57 => 'jmd',
    58 => 'jpy',
    59 => 'kes',
    60 => 'kgs',
    61 => 'khr',
    62 => 'kmf',
    63 => 'krw',
    64 => 'kyd',
    65 => 'kzt',
    66 => 'lak',
    67 => 'lbp',
    68 => 'lkr',
    69 => 'lrd',
    70 => 'lsl',
    71 => 'mad',
    72 => 'mdl',
    73 => 'mga',
    74 => 'mkd',
    75 => 'mmk',
    76 => 'mnt',
    77 => 'mop',
    78 => 'mro',
    79 => 'mur',
    80 => 'mvr',
    81 => 'mwk',
    82 => 'mxn',
    83 => 'myr',
    84 => 'mzn',
    85 => 'nad',
    86 => 'ngn',
    87 => 'nio',
    88 => 'nok',
    89 => 'npr',
    90 => 'nzd',
    91 => 'pab',
    92 => 'pen',
    93 => 'pgk',
    94 => 'php',
    95 => 'pkr',
    96 => 'pln',
    97 => 'pyg',
    98 => 'qar',
    99 => 'ron',
    100 => 'rsd',
    101 => 'rub',
    102 => 'rwf',
    103 => 'sar',
    104 => 'sbd',
    105 => 'scr',
    106 => 'sek',
    107 => 'sgd',
    108 => 'shp',
    109 => 'sll',
    110 => 'sos',
    111 => 'srd',
    112 => 'std',
    113 => 'szl',
    114 => 'thb',
    115 => 'tjs',
    116 => 'top',
    117 => 'try',
    118 => 'ttd',
    119 => 'twd',
    120 => 'tzs',
    121 => 'uah',
    122 => 'ugx',
    123 => 'uyu',
    124 => 'uzs',
    125 => 'vnd',
    126 => 'vuv',
    127 => 'wst',
    128 => 'xaf',
    129 => 'xcd',
    130 => 'xof',
    131 => 'xpf',
    132 => 'yer',
    133 => 'zar',
    134 => 'zmw',
  ),
  'country' => '(redacted)',
  'instant_deposits_eligible' => false,
  'card_present_eligible' => false,
)
2021-07-29T14:42:13+00:00 INFO REQUEST GET https://public-api.wordpress.com/wpcom/v2/sites/%s/wcpay/accounts?test_mode=0
2021-07-29T14:42:14+00:00 INFO RESPONSE: array (
  'account_id' => 'acct_1JAB282H24DauksW',
  'email' => '(redacted)',
  'live_publishable_key' => 'pk_live_iBIpeqzKOOx2Y8PFCRBfyMU000Q7xVG4Sn',
  'test_publishable_key' => 'pk_test_51ETDmyFuiXB5oUVxwSobQMW5Tno1GclIq7ePZWzLeW4q8oa7Zb8hI5VfwI5sNT5nXuKYinLukNvGCXmsQXAoDGHG00MqHqlYHR',
  'is_live' => true,
  'has_pending_requirements' => false,
  'has_overdue_requirements' => false,
  'current_deadline' => NULL,
  'status' => 'complete',
  'payments_enabled' => true,
  'deposits_status' => 'daily',
  'statement_descriptor' => 'INTOPLANTZ.COM',
  'latest_tos_agreement' => 
  array (
    'date' => '2021-07-06 10:08:55',
    'source' => 'signup',
    'is_current_version' => true,
  ),
  'fees' => 
  array (
    'base' => 
    array (
      'percentage_rate' => 0.029,
      'fixed_rate' => 30,
      'currency' => 'nzd',
    ),
    'discount' => 
    array (
    ),
  ),
  'fraud_services' => 
  array (
    'stripe' => 
    array (
    ),
    'sift' => 
    array (
      'beacon_key' => 'affbdadb36',
      'sandbox_beacon_key' => '6ad0ad748b',
    ),
  ),
  'store_currencies' => 
  array (
    'default' => 'nzd',
    'supported' => 
    array (
      0 => 'nzd',
    ),
  ),
  'presentment_currencies' => 
  array (
    0 => 'usd',
    1 => 'aed',
    2 => 'afn',
    3 => 'all',
    4 => 'amd',
    5 => 'ang',
    6 => 'aoa',
    7 => 'ars',
    8 => 'aud',
    9 => 'awg',
    10 => 'azn',
    11 => 'bam',
    12 => 'bbd',
    13 => 'bdt',
    14 => 'bgn',
    15 => 'bif',
    16 => 'bmd',
    17 => 'bnd',
    18 => 'bob',
    19 => 'brl',
    20 => 'bsd',
    21 => 'bwp',
    22 => 'bzd',
    23 => 'cad',
    24 => 'cdf',
    25 => 'chf',
    26 => 'clp',
    27 => 'cny',
    28 => 'cop',
    29 => 'crc',
    30 => 'cve',
    31 => 'czk',
    32 => 'djf',
    33 => 'dkk',
    34 => 'dop',
    35 => 'dzd',
    36 => 'egp',
    37 => 'etb',
    38 => 'eur',
    39 => 'fjd',
    40 => 'fkp',
    41 => 'gbp',
    42 => 'gel',
    43 => 'gip',
    44 => 'gmd',
    45 => 'gnf',
    46 => 'gtq',
    47 => 'gyd',
    48 => 'hkd',
    49 => 'hnl',
    50 => 'hrk',
    51 => 'htg',
    52 => 'huf',
    53 => 'idr',
    54 => 'ils',
    55 => 'inr',
    56 => 'isk',
    57 => 'jmd',
    58 => 'jpy',
    59 => 'kes',
    60 => 'kgs',
    61 => 'khr',
    62 => 'kmf',
    63 => 'krw',
    64 => 'kyd',
    65 => 'kzt',
    66 => 'lak',
    67 => 'lbp',
    68 => 'lkr',
    69 => 'lrd',
    70 => 'lsl',
    71 => 'mad',
    72 => 'mdl',
    73 => 'mga',
    74 => 'mkd',
    75 => 'mmk',
    76 => 'mnt',
    77 => 'mop',
    78 => 'mro',
    79 => 'mur',
    80 => 'mvr',
    81 => 'mwk',
    82 => 'mxn',
    83 => 'myr',
    84 => 'mzn',
    85 => 'nad',
    86 => 'ngn',
    87 => 'nio',
    88 => 'nok',
    89 => 'npr',
    90 => 'nzd',
    91 => 'pab',
    92 => 'pen',
    93 => 'pgk',
    94 => 'php',
    95 => 'pkr',
    96 => 'pln',
    97 => 'pyg',
    98 => 'qar',
    99 => 'ron',
    100 => 'rsd',
    101 => 'rub',
    102 => 'rwf',
    103 => 'sar',
    104 => 'sbd',
    105 => 'scr',
    106 => 'sek',
    107 => 'sgd',
    108 => 'shp',
    109 => 'sll',
    110 => 'sos',
    111 => 'srd',
    112 => 'std',
    113 => 'szl',
    114 => 'thb',
    115 => 'tjs',
    116 => 'top',
    117 => 'try',
    118 => 'ttd',
    119 => 'twd',
    120 => 'tzs',
    121 => 'uah',
    122 => 'ugx',
    123 => 'uyu',
    124 => 'uzs',
    125 => 'vnd',
    126 => 'vuv',
    127 => 'wst',
    128 => 'xaf',
    129 => 'xcd',
    130 => 'xof',
    131 => 'xpf',
    132 => 'yer',
    133 => 'zar',
    134 => 'zmw',
  ),
  'country' => '(redacted)',
  'instant_deposits_eligible' => false,
  'card_present_eligible' => false,
)
2021-07-29T17:56:36+00:00 INFO REQUEST GET https://public-api.wordpress.com/wpcom/v2/sites/%s/wcpay/accounts?test_mode=0
2021-07-29T17:56:36+00:00 INFO REQUEST GET https://public-api.wordpress.com/wpcom/v2/sites/%s/wcpay/accounts?test_mode=0
2021-07-29T17:56:37+00:00 INFO RESPONSE: array (
  'account_id' => 'acct_1JAB282H24DauksW',
  'email' => '(redacted)',
  'live_publishable_key' => 'pk_live_iBIpeqzKOOx2Y8PFCRBfyMU000Q7xVG4Sn',
  'test_publishable_key' => 'pk_test_51ETDmyFuiXB5oUVxwSobQMW5Tno1GclIq7ePZWzLeW4q8oa7Zb8hI5VfwI5sNT5nXuKYinLukNvGCXmsQXAoDGHG00MqHqlYHR',
  'is_live' => true,
  'has_pending_requirements' => false,
  'has_overdue_requirements' => false,
  'current_deadline' => NULL,
  'status' => 'complete',
  'payments_enabled' => true,
  'deposits_status' => 'daily',
  'statement_descriptor' => 'INTOPLANTZ.COM',
  'latest_tos_agreement' => 
  array (
    'date' => '2021-07-06 10:08:55',
    'source' => 'signup',
    'is_current_version' => true,
  ),
  'fees' => 
  array (
    'base' => 
    array (
      'percentage_rate' => 0.029,
      'fixed_rate' => 30,
      'currency' => 'nzd',
    ),
    'discount' => 
    array (
    ),
  ),
  'fraud_services' => 
  array (
    'stripe' => 
    array (
    ),
    'sift' => 
    array (
      'beacon_key' => 'affbdadb36',
      'sandbox_beacon_key' => '6ad0ad748b',
    ),
  ),
  'store_currencies' => 
  array (
    'default' => 'nzd',
    'supported' => 
    array (
      0 => 'nzd',
    ),
  ),
  'presentment_currencies' => 
  array (
    0 => 'usd',
    1 => 'aed',
    2 => 'afn',
    3 => 'all',
    4 => 'amd',
    5 => 'ang',
    6 => 'aoa',
    7 => 'ars',
    8 => 'aud',
    9 => 'awg',
    10 => 'azn',
    11 => 'bam',
    12 => 'bbd',
    13 => 'bdt',
    14 => 'bgn',
    15 => 'bif',
    16 => 'bmd',
    17 => 'bnd',
    18 => 'bob',
    19 => 'brl',
    20 => 'bsd',
    21 => 'bwp',
    22 => 'bzd',
    23 => 'cad',
    24 => 'cdf',
    25 => 'chf',
    26 => 'clp',
    27 => 'cny',
    28 => 'cop',
    29 => 'crc',
    30 => 'cve',
    31 => 'czk',
    32 => 'djf',
    33 => 'dkk',
    34 => 'dop',
    35 => 'dzd',
    36 => 'egp',
    37 => 'etb',
    38 => 'eur',
    39 => 'fjd',
    40 => 'fkp',
    41 => 'gbp',
    42 => 'gel',
    43 => 'gip',
    44 => 'gmd',
    45 => 'gnf',
    46 => 'gtq',
    47 => 'gyd',
    48 => 'hkd',
    49 => 'hnl',
    50 => 'hrk',
    51 => 'htg',
    52 => 'huf',
    53 => 'idr',
    54 => 'ils',
    55 => 'inr',
    56 => 'isk',
    57 => 'jmd',
    58 => 'jpy',
    59 => 'kes',
    60 => 'kgs',
    61 => 'khr',
    62 => 'kmf',
    63 => 'krw',
    64 => 'kyd',
    65 => 'kzt',
    66 => 'lak',
    67 => 'lbp',
    68 => 'lkr',
    69 => 'lrd',
    70 => 'lsl',
    71 => 'mad',
    72 => 'mdl',
    73 => 'mga',
    74 => 'mkd',
    75 => 'mmk',
    76 => 'mnt',
    77 => 'mop',
    78 => 'mro',
    79 => 'mur',
    80 => 'mvr',
    81 => 'mwk',
    82 => 'mxn',
    83 => 'myr',
    84 => 'mzn',
    85 => 'nad',
    86 => 'ngn',
    87 => 'nio',
    88 => 'nok',
    89 => 'npr',
    90 => 'nzd',
    91 => 'pab',
    92 => 'pen',
    93 => 'pgk',
    94 => 'php',
    95 => 'pkr',
    96 => 'pln',
    97 => 'pyg',
    98 => 'qar',
    99 => 'ron',
    100 => 'rsd',
    101 => 'rub',
    102 => 'rwf',
    103 => 'sar',
    104 => 'sbd',
    105 => 'scr',
    106 => 'sek',
    107 => 'sgd',
    108 => 'shp',
    109 => 'sll',
    110 => 'sos',
    111 => 'srd',
    112 => 'std',
    113 => 'szl',
    114 => 'thb',
    115 => 'tjs',
    116 => 'top',
    117 => 'try',
    118 => 'ttd',
    119 => 'twd',
    120 => 'tzs',
    121 => 'uah',
    122 => 'ugx',
    123 => 'uyu',
    124 => 'uzs',
    125 => 'vnd',
    126 => 'vuv',
    127 => 'wst',
    128 => 'xaf',
    129 => 'xcd',
    130 => 'xof',
    131 => 'xpf',
    132 => 'yer',
    133 => 'zar',
    134 => 'zmw',
  ),
  'country' => '(redacted)',
  'instant_deposits_eligible' => false,
  'card_present_eligible' => false,
)
2021-07-29T17:56:37+00:00 INFO RESPONSE: array (
  'account_id' => 'acct_1JAB282H24DauksW',
  'email' => '(redacted)',
  'live_publishable_key' => 'pk_live_iBIpeqzKOOx2Y8PFCRBfyMU000Q7xVG4Sn',
  'test_publishable_key' => 'pk_test_51ETDmyFuiXB5oUVxwSobQMW5Tno1GclIq7ePZWzLeW4q8oa7Zb8hI5VfwI5sNT5nXuKYinLukNvGCXmsQXAoDGHG00MqHqlYHR',
  'is_live' => true,
  'has_pending_requirements' => false,
  'has_overdue_requirements' => false,
  'current_deadline' => NULL,
  'status' => 'complete',
  'payments_enabled' => true,
  'deposits_status' => 'daily',
  'statement_descriptor' => 'INTOPLANTZ.COM',
  'latest_tos_agreement' => 
  array (
    'date' => '2021-07-06 10:08:55',
    'source' => 'signup',
    'is_current_version' => true,
  ),
  'fees' => 
  array (
    'base' => 
    array (
      'percentage_rate' => 0.029,
      'fixed_rate' => 30,
      'currency' => 'nzd',
    ),
    'discount' => 
    array (
    ),
  ),
  'fraud_services' => 
  array (
    'stripe' => 
    array (
    ),
    'sift' => 
    array (
      'beacon_key' => 'affbdadb36',
      'sandbox_beacon_key' => '6ad0ad748b',
    ),
  ),
  'store_currencies' => 
  array (
    'default' => 'nzd',
    'supported' => 
    array (
      0 => 'nzd',
    ),
  ),
  'presentment_currencies' => 
  array (
    0 => 'usd',
    1 => 'aed',
    2 => 'afn',
    3 => 'all',
    4 => 'amd',
    5 => 'ang',
    6 => 'aoa',
    7 => 'ars',
    8 => 'aud',
    9 => 'awg',
    10 => 'azn',
    11 => 'bam',
    12 => 'bbd',
    13 => 'bdt',
    14 => 'bgn',
    15 => 'bif',
    16 => 'bmd',
    17 => 'bnd',
    18 => 'bob',
    19 => 'brl',
    20 => 'bsd',
    21 => 'bwp',
    22 => 'bzd',
    23 => 'cad',
    24 => 'cdf',
    25 => 'chf',
    26 => 'clp',
    27 => 'cny',
    28 => 'cop',
    29 => 'crc',
    30 => 'cve',
    31 => 'czk',
    32 => 'djf',
    33 => 'dkk',
    34 => 'dop',
    35 => 'dzd',
    36 => 'egp',
    37 => 'etb',
    38 => 'eur',
    39 => 'fjd',
    40 => 'fkp',
    41 => 'gbp',
    42 => 'gel',
    43 => 'gip',
    44 => 'gmd',
    45 => 'gnf',
    46 => 'gtq',
    47 => 'gyd',
    48 => 'hkd',
    49 => 'hnl',
    50 => 'hrk',
    51 => 'htg',
    52 => 'huf',
    53 => 'idr',
    54 => 'ils',
    55 => 'inr',
    56 => 'isk',
    57 => 'jmd',
    58 => 'jpy',
    59 => 'kes',
    60 => 'kgs',
    61 => 'khr',
    62 => 'kmf',
    63 => 'krw',
    64 => 'kyd',
    65 => 'kzt',
    66 => 'lak',
    67 => 'lbp',
    68 => 'lkr',
    69 => 'lrd',
    70 => 'lsl',
    71 => 'mad',
    72 => 'mdl',
    73 => 'mga',
    74 => 'mkd',
    75 => 'mmk',
    76 => 'mnt',
    77 => 'mop',
    78 => 'mro',
    79 => 'mur',
    80 => 'mvr',
    81 => 'mwk',
    82 => 'mxn',
    83 => 'myr',
    84 => 'mzn',
    85 => 'nad',
    86 => 'ngn',
    87 => 'nio',
    88 => 'nok',
    89 => 'npr',
    90 => 'nzd',
    91 => 'pab',
    92 => 'pen',
    93 => 'pgk',
    94 => 'php',
    95 => 'pkr',
    96 => 'pln',
    97 => 'pyg',
    98 => 'qar',
    99 => 'ron',
    100 => 'rsd',
    101 => 'rub',
    102 => 'rwf',
    103 => 'sar',
    104 => 'sbd',
    105 => 'scr',
    106 => 'sek',
    107 => 'sgd',
    108 => 'shp',
    109 => 'sll',
    110 => 'sos',
    111 => 'srd',
    112 => 'std',
    113 => 'szl',
    114 => 'thb',
    115 => 'tjs',
    116 => 'top',
    117 => 'try',
    118 => 'ttd',
    119 => 'twd',
    120 => 'tzs',
    121 => 'uah',
    122 => 'ugx',
    123 => 'uyu',
    124 => 'uzs',
    125 => 'vnd',
    126 => 'vuv',
    127 => 'wst',
    128 => 'xaf',
    129 => 'xcd',
    130 => 'xof',
    131 => 'xpf',
    132 => 'yer',
    133 => 'zar',
    134 => 'zmw',
  ),
  'country' => '(redacted)',
  'instant_deposits_eligible' => false,
  'card_present_eligible' => false,
)
2021-07-29T20:32:25+00:00 INFO REQUEST GET https://public-api.wordpress.com/wpcom/v2/sites/%s/wcpay/accounts?test_mode=0
2021-07-29T20:32:26+00:00 INFO RESPONSE: array (
  'account_id' => 'acct_1JAB282H24DauksW',
  'email' => '(redacted)',
  'live_publishable_key' => 'pk_live_iBIpeqzKOOx2Y8PFCRBfyMU000Q7xVG4Sn',
  'test_publishable_key' => 'pk_test_51ETDmyFuiXB5oUVxwSobQMW5Tno1GclIq7ePZWzLeW4q8oa7Zb8hI5VfwI5sNT5nXuKYinLukNvGCXmsQXAoDGHG00MqHqlYHR',
  'is_live' => true,
  'has_pending_requirements' => false,
  'has_overdue_requirements' => false,
  'current_deadline' => NULL,
  'status' => 'complete',
  'payments_enabled' => true,
  'deposits_status' => 'daily',
  'statement_descriptor' => 'INTOPLANTZ.COM',
  'latest_tos_agreement' => 
  array (
    'date' => '2021-07-06 10:08:55',
    'source' => 'signup',
    'is_current_version' => true,
  ),
  'fees' => 
  array (
    'base' => 
    array (
      'percentage_rate' => 0.029,
      'fixed_rate' => 30,
      'currency' => 'nzd',
    ),
    'discount' => 
    array (
    ),
  ),
  'fraud_services' => 
  array (
    'stripe' => 
    array (
    ),
    'sift' => 
    array (
      'beacon_key' => 'affbdadb36',
      'sandbox_beacon_key' => '6ad0ad748b',
    ),
  ),
  'store_currencies' => 
  array (
    'default' => 'nzd',
    'supported' => 
    array (
      0 => 'nzd',
    ),
  ),
  'presentment_currencies' => 
  array (
    0 => 'usd',
    1 => 'aed',
    2 => 'afn',
    3 => 'all',
    4 => 'amd',
    5 => 'ang',
    6 => 'aoa',
    7 => 'ars',
    8 => 'aud',
    9 => 'awg',
    10 => 'azn',
    11 => 'bam',
    12 => 'bbd',
    13 => 'bdt',
    14 => 'bgn',
    15 => 'bif',
    16 => 'bmd',
    17 => 'bnd',
    18 => 'bob',
    19 => 'brl',
    20 => 'bsd',
    21 => 'bwp',
    22 => 'bzd',
    23 => 'cad',
    24 => 'cdf',
    25 => 'chf',
    26 => 'clp',
    27 => 'cny',
    28 => 'cop',
    29 => 'crc',
    30 => 'cve',
    31 => 'czk',
    32 => 'djf',
    33 => 'dkk',
    34 => 'dop',
    35 => 'dzd',
    36 => 'egp',
    37 => 'etb',
    38 => 'eur',
    39 => 'fjd',
    40 => 'fkp',
    41 => 'gbp',
    42 => 'gel',
    43 => 'gip',
    44 => 'gmd',
    45 => 'gnf',
    46 => 'gtq',
    47 => 'gyd',
    48 => 'hkd',
    49 => 'hnl',
    50 => 'hrk',
    51 => 'htg',
    52 => 'huf',
    53 => 'idr',
    54 => 'ils',
    55 => 'inr',
    56 => 'isk',
    57 => 'jmd',
    58 => 'jpy',
    59 => 'kes',
    60 => 'kgs',
    61 => 'khr',
    62 => 'kmf',
    63 => 'krw',
    64 => 'kyd',
    65 => 'kzt',
    66 => 'lak',
    67 => 'lbp',
    68 => 'lkr',
    69 => 'lrd',
    70 => 'lsl',
    71 => 'mad',
    72 => 'mdl',
    73 => 'mga',
    74 => 'mkd',
    75 => 'mmk',
    76 => 'mnt',
    77 => 'mop',
    78 => 'mro',
    79 => 'mur',
    80 => 'mvr',
    81 => 'mwk',
    82 => 'mxn',
    83 => 'myr',
    84 => 'mzn',
    85 => 'nad',
    86 => 'ngn',
    87 => 'nio',
    88 => 'nok',
    89 => 'npr',
    90 => 'nzd',
    91 => 'pab',
    92 => 'pen',
    93 => 'pgk',
    94 => 'php',
    95 => 'pkr',
    96 => 'pln',
    97 => 'pyg',
    98 => 'qar',
    99 => 'ron',
    100 => 'rsd',
    101 => 'rub',
    102 => 'rwf',
    103 => 'sar',
    104 => 'sbd',
    105 => 'scr',
    106 => 'sek',
    107 => 'sgd',
    108 => 'shp',
    109 => 'sll',
    110 => 'sos',
    111 => 'srd',
    112 => 'std',
    113 => 'szl',
    114 => 'thb',
    115 => 'tjs',
    116 => 'top',
    117 => 'try',
    118 => 'ttd',
    119 => 'twd',
    120 => 'tzs',
    121 => 'uah',
    122 => 'ugx',
    123 => 'uyu',
    124 => 'uzs',
    125 => 'vnd',
    126 => 'vuv',
    127 => 'wst',
    128 => 'xaf',
    129 => 'xcd',
    130 => 'xof',
    131 => 'xpf',
    132 => 'yer',
    133 => 'zar',
    134 => 'zmw',
  ),
  'country' => '(redacted)',
  'instant_deposits_eligible' => false,
  'card_present_eligible' => false,
)
